{"level":"info","message":"Server started on port 5000 in development mode","timestamp":"2025-08-11 00:01:22"}
{"level":"info","message":"Local: http://localhost:5000","timestamp":"2025-08-11 00:01:22"}
{"level":"info","message":"Press CTRL+C to stop server","timestamp":"2025-08-11 00:01:22"}
{"level":"info","message":"Server started on port 5000 in development mode","timestamp":"2025-08-11 00:01:37"}
{"level":"info","message":"Local: http://localhost:5000","timestamp":"2025-08-11 00:01:37"}
{"level":"info","message":"Press CTRL+C to stop server","timestamp":"2025-08-11 00:01:37"}
{"level":"info","message":"Server started on port 5000 in development mode","timestamp":"2025-08-11 00:01:45"}
{"level":"info","message":"Local: http://localhost:5000","timestamp":"2025-08-11 00:01:45"}
{"level":"info","message":"Press CTRL+C to stop server","timestamp":"2025-08-11 00:01:45"}
{"level":"info","message":"Server started on port 5000 in development mode","timestamp":"2025-08-11 00:03:36"}
{"level":"info","message":"Local: http://localhost:5000","timestamp":"2025-08-11 00:03:36"}
{"level":"info","message":"Press CTRL+C to stop server","timestamp":"2025-08-11 00:03:36"}
{"level":"info","message":"Server started on port 5000 in development mode","timestamp":"2025-08-11 00:03:56"}
{"level":"info","message":"Local: http://localhost:5000","timestamp":"2025-08-11 00:03:56"}
{"level":"info","message":"Press CTRL+C to stop server","timestamp":"2025-08-11 00:03:56"}
{"level":"info","message":"Server started on port 5000 in development mode","timestamp":"2025-08-11 00:04:03"}
{"level":"info","message":"Local: http://localhost:5000","timestamp":"2025-08-11 00:04:03"}
{"level":"info","message":"Press CTRL+C to stop server","timestamp":"2025-08-11 00:04:03"}
{"level":"info","message":"Server started on port 5000 in development mode","timestamp":"2025-08-11 00:04:15"}
{"level":"info","message":"Local: http://localhost:5000","timestamp":"2025-08-11 00:04:15"}
{"level":"info","message":"Press CTRL+C to stop server","timestamp":"2025-08-11 00:04:15"}
{"level":"info","message":"Server started on port 5000 in development mode","timestamp":"2025-08-11 00:04:23"}
{"level":"info","message":"Local: http://localhost:5000","timestamp":"2025-08-11 00:04:23"}
{"level":"info","message":"Press CTRL+C to stop server","timestamp":"2025-08-11 00:04:23"}
{"level":"info","message":"Server started on port 5000 in development mode","timestamp":"2025-08-11 00:04:49"}
{"level":"info","message":"Local: http://localhost:5000","timestamp":"2025-08-11 00:04:49"}
{"level":"info","message":"Press CTRL+C to stop server","timestamp":"2025-08-11 00:04:49"}
{"level":"info","message":"Server started on port 5000 in development mode","timestamp":"2025-08-11 00:05:18"}
{"level":"info","message":"Local: http://localhost:5000","timestamp":"2025-08-11 00:05:18"}
{"level":"info","message":"Press CTRL+C to stop server","timestamp":"2025-08-11 00:05:18"}
{"level":"info","message":"Server started on port 5000 in development mode","timestamp":"2025-08-11 00:05:31"}
{"level":"info","message":"Local: http://localhost:5000","timestamp":"2025-08-11 00:05:31"}
{"level":"info","message":"Press CTRL+C to stop server","timestamp":"2025-08-11 00:05:31"}
{"level":"info","message":"Server started on port 5000 in development mode","timestamp":"2025-08-11 00:05:54"}
{"level":"info","message":"Local: http://localhost:5000","timestamp":"2025-08-11 00:05:54"}
{"level":"info","message":"Press CTRL+C to stop server","timestamp":"2025-08-11 00:05:54"}
{"level":"info","message":"Server started on port 5000 in development mode","timestamp":"2025-08-11 00:06:00"}
{"level":"info","message":"Local: http://localhost:5000","timestamp":"2025-08-11 00:06:00"}
{"level":"info","message":"Press CTRL+C to stop server","timestamp":"2025-08-11 00:06:00"}
{"level":"info","message":"Server started on port 5000 in development mode","timestamp":"2025-08-11 00:06:06"}
{"level":"info","message":"Local: http://localhost:5000","timestamp":"2025-08-11 00:06:06"}
{"level":"info","message":"Press CTRL+C to stop server","timestamp":"2025-08-11 00:06:06"}
{"level":"info","message":"Server started on port 5000 in development mode","timestamp":"2025-08-11 00:06:43"}
{"level":"info","message":"Local: http://localhost:5000","timestamp":"2025-08-11 00:06:43"}
{"level":"info","message":"Press CTRL+C to stop server","timestamp":"2025-08-11 00:06:43"}
{"level":"info","message":"Server started on port 5000 in development mode","timestamp":"2025-08-11 00:06:48"}
{"level":"info","message":"Local: http://localhost:5000","timestamp":"2025-08-11 00:06:48"}
{"level":"info","message":"Press CTRL+C to stop server","timestamp":"2025-08-11 00:06:48"}
{"level":"info","message":"Server started on port 5000 in development mode","timestamp":"2025-08-11 00:07:26"}
{"level":"info","message":"Local: http://localhost:5000","timestamp":"2025-08-11 00:07:26"}
{"level":"info","message":"Press CTRL+C to stop server","timestamp":"2025-08-11 00:07:26"}
{"level":"info","message":"Server started on port 5000 in development mode","timestamp":"2025-08-11 00:07:37"}
{"level":"info","message":"Local: http://localhost:5000","timestamp":"2025-08-11 00:07:37"}
{"level":"info","message":"Press CTRL+C to stop server","timestamp":"2025-08-11 00:07:37"}
{"level":"info","message":"Server started on port 5000 in development mode","timestamp":"2025-08-11 00:08:00"}
{"level":"info","message":"Local: http://localhost:5000","timestamp":"2025-08-11 00:08:00"}
{"level":"info","message":"Press CTRL+C to stop server","timestamp":"2025-08-11 00:08:00"}
{"level":"info","message":"Server started on port 5000 in development mode","timestamp":"2025-08-11 00:08:13"}
{"level":"info","message":"Local: http://localhost:5000","timestamp":"2025-08-11 00:08:13"}
{"level":"info","message":"Press CTRL+C to stop server","timestamp":"2025-08-11 00:08:13"}
{"level":"http","message":"GET /api/sub-categories - IP: ::1 - User-Agent: PostmanRuntime/7.45.0","timestamp":"2025-08-11 00:08:24"}
{"level":"http","message":"GET /api/sub-categories - IP: ::1 - User-Agent: PostmanRuntime/7.45.0","timestamp":"2025-08-11 00:08:31"}
{"level":"info","message":"Server started on port 5000 in development mode","timestamp":"2025-08-11 00:13:00"}
{"level":"info","message":"Local: http://localhost:5000","timestamp":"2025-08-11 00:13:00"}
{"level":"info","message":"Press CTRL+C to stop server","timestamp":"2025-08-11 00:13:00"}
{"level":"http","message":"GET /api/sub-categories - IP: ::1 - User-Agent: PostmanRuntime/7.45.0","timestamp":"2025-08-11 00:13:05"}
{"level":"http","message":"GET /api/sub-categories - IP: ::1 - User-Agent: PostmanRuntime/7.45.0","timestamp":"2025-08-11 00:13:45"}
{"level":"info","message":"Server started on port 5000 in development mode","timestamp":"2025-08-11 00:14:00"}
{"level":"info","message":"Local: http://localhost:5000","timestamp":"2025-08-11 00:14:00"}
{"level":"info","message":"Press CTRL+C to stop server","timestamp":"2025-08-11 00:14:00"}
{"level":"info","message":"Server started on port 5000 in development mode","timestamp":"2025-08-11 00:16:38"}
{"level":"info","message":"Local: http://localhost:5000","timestamp":"2025-08-11 00:16:38"}
{"level":"info","message":"Press CTRL+C to stop server","timestamp":"2025-08-11 00:16:38"}
{"level":"info","message":"Server started on port 5000 in development mode","timestamp":"2025-08-11 00:18:45"}
{"level":"info","message":"Local: http://localhost:5000","timestamp":"2025-08-11 00:18:45"}
{"level":"info","message":"Press CTRL+C to stop server","timestamp":"2025-08-11 00:18:45"}
{"level":"info","message":"Server started on port 5000 in development mode","timestamp":"2025-08-11 00:18:51"}
{"level":"info","message":"Local: http://localhost:5000","timestamp":"2025-08-11 00:18:51"}
{"level":"info","message":"Press CTRL+C to stop server","timestamp":"2025-08-11 00:18:51"}
{"level":"info","message":"Server started on port 5000 in development mode","timestamp":"2025-08-11 00:19:04"}
{"level":"info","message":"Local: http://localhost:5000","timestamp":"2025-08-11 00:19:04"}
{"level":"info","message":"Press CTRL+C to stop server","timestamp":"2025-08-11 00:19:04"}
{"level":"info","message":"Server started on port 5000 in development mode","timestamp":"2025-08-11 00:19:22"}
{"level":"info","message":"Local: http://localhost:5000","timestamp":"2025-08-11 00:19:22"}
{"level":"info","message":"Press CTRL+C to stop server","timestamp":"2025-08-11 00:19:22"}
{"level":"info","message":"Server started on port 5000 in development mode","timestamp":"2025-08-11 00:19:51"}
{"level":"info","message":"Local: http://localhost:5000","timestamp":"2025-08-11 00:19:51"}
{"level":"info","message":"Press CTRL+C to stop server","timestamp":"2025-08-11 00:19:51"}
{"level":"info","message":"Server started on port 5000 in development mode","timestamp":"2025-08-11 00:20:02"}
{"level":"info","message":"Local: http://localhost:5000","timestamp":"2025-08-11 00:20:02"}
{"level":"info","message":"Press CTRL+C to stop server","timestamp":"2025-08-11 00:20:02"}
{"level":"info","message":"Server started on port 5000 in development mode","timestamp":"2025-08-11 00:20:22"}
{"level":"info","message":"Local: http://localhost:5000","timestamp":"2025-08-11 00:20:22"}
{"level":"info","message":"Press CTRL+C to stop server","timestamp":"2025-08-11 00:20:22"}
{"level":"info","message":"Server started on port 5000 in development mode","timestamp":"2025-08-11 00:20:29"}
{"level":"info","message":"Local: http://localhost:5000","timestamp":"2025-08-11 00:20:29"}
{"level":"info","message":"Press CTRL+C to stop server","timestamp":"2025-08-11 00:20:29"}
{"level":"info","message":"Server started on port 5000 in development mode","timestamp":"2025-08-11 00:20:41"}
{"level":"info","message":"Local: http://localhost:5000","timestamp":"2025-08-11 00:20:41"}
{"level":"info","message":"Press CTRL+C to stop server","timestamp":"2025-08-11 00:20:41"}
{"level":"info","message":"Server started on port 5000 in development mode","timestamp":"2025-08-11 00:20:48"}
{"level":"info","message":"Local: http://localhost:5000","timestamp":"2025-08-11 00:20:48"}
{"level":"info","message":"Press CTRL+C to stop server","timestamp":"2025-08-11 00:20:48"}
{"level":"info","message":"Server started on port 5000 in development mode","timestamp":"2025-08-11 00:21:08"}
{"level":"info","message":"Local: http://localhost:5000","timestamp":"2025-08-11 00:21:08"}
{"level":"info","message":"Press CTRL+C to stop server","timestamp":"2025-08-11 00:21:08"}
{"level":"info","message":"Server started on port 5000 in development mode","timestamp":"2025-08-11 00:21:45"}
{"level":"info","message":"Local: http://localhost:5000","timestamp":"2025-08-11 00:21:45"}
{"level":"info","message":"Press CTRL+C to stop server","timestamp":"2025-08-11 00:21:45"}
{"level":"info","message":"Server started on port 5000 in development mode","timestamp":"2025-08-11 00:21:54"}
{"level":"info","message":"Local: http://localhost:5000","timestamp":"2025-08-11 00:21:54"}
{"level":"info","message":"Press CTRL+C to stop server","timestamp":"2025-08-11 00:21:54"}
{"level":"info","message":"Server started on port 5000 in development mode","timestamp":"2025-08-11 00:22:26"}
{"level":"info","message":"Local: http://localhost:5000","timestamp":"2025-08-11 00:22:26"}
{"level":"info","message":"Press CTRL+C to stop server","timestamp":"2025-08-11 00:22:26"}
{"level":"info","message":"Server started on port 5000 in development mode","timestamp":"2025-08-11 00:23:23"}
{"level":"info","message":"Local: http://localhost:5000","timestamp":"2025-08-11 00:23:23"}
{"level":"info","message":"Press CTRL+C to stop server","timestamp":"2025-08-11 00:23:23"}
{"level":"info","message":"Server started on port 5000 in development mode","timestamp":"2025-08-11 00:23:52"}
{"level":"info","message":"Local: http://localhost:5000","timestamp":"2025-08-11 00:23:52"}
{"level":"info","message":"Press CTRL+C to stop server","timestamp":"2025-08-11 00:23:52"}
{"level":"info","message":"Server started on port 5000 in development mode","timestamp":"2025-08-11 00:24:06"}
{"level":"info","message":"Local: http://localhost:5000","timestamp":"2025-08-11 00:24:06"}
{"level":"info","message":"Press CTRL+C to stop server","timestamp":"2025-08-11 00:24:06"}
{"level":"info","message":"Server started on port 5000 in development mode","timestamp":"2025-08-11 00:25:52"}
{"level":"info","message":"Local: http://localhost:5000","timestamp":"2025-08-11 00:25:52"}
{"level":"info","message":"Press CTRL+C to stop server","timestamp":"2025-08-11 00:25:52"}
{"level":"info","message":"Server started on port 5000 in development mode","timestamp":"2025-08-11 00:26:01"}
{"level":"info","message":"Local: http://localhost:5000","timestamp":"2025-08-11 00:26:01"}
{"level":"info","message":"Press CTRL+C to stop server","timestamp":"2025-08-11 00:26:01"}
{"level":"info","message":"Server started on port 5000 in development mode","timestamp":"2025-08-11 00:26:13"}
{"level":"info","message":"Local: http://localhost:5000","timestamp":"2025-08-11 00:26:13"}
{"level":"info","message":"Press CTRL+C to stop server","timestamp":"2025-08-11 00:26:13"}
{"level":"info","message":"Server started on port 5000 in development mode","timestamp":"2025-08-11 00:26:22"}
{"level":"info","message":"Local: http://localhost:5000","timestamp":"2025-08-11 00:26:22"}
{"level":"info","message":"Press CTRL+C to stop server","timestamp":"2025-08-11 00:26:22"}
{"level":"info","message":"Server started on port 5000 in development mode","timestamp":"2025-08-11 00:26:46"}
{"level":"info","message":"Local: http://localhost:5000","timestamp":"2025-08-11 00:26:46"}
{"level":"info","message":"Press CTRL+C to stop server","timestamp":"2025-08-11 00:26:46"}
{"level":"info","message":"Server started on port 5000 in development mode","timestamp":"2025-08-11 00:26:56"}
{"level":"info","message":"Local: http://localhost:5000","timestamp":"2025-08-11 00:26:56"}
{"level":"info","message":"Press CTRL+C to stop server","timestamp":"2025-08-11 00:26:56"}
{"level":"info","message":"Server started on port 5000 in development mode","timestamp":"2025-08-11 00:27:03"}
{"level":"info","message":"Local: http://localhost:5000","timestamp":"2025-08-11 00:27:03"}
{"level":"info","message":"Press CTRL+C to stop server","timestamp":"2025-08-11 00:27:03"}
{"level":"info","message":"Server started on port 5000 in development mode","timestamp":"2025-08-11 00:27:09"}
{"level":"info","message":"Local: http://localhost:5000","timestamp":"2025-08-11 00:27:09"}
{"level":"info","message":"Press CTRL+C to stop server","timestamp":"2025-08-11 00:27:09"}
{"level":"info","message":"Server started on port 5000 in development mode","timestamp":"2025-08-11 00:27:15"}
{"level":"info","message":"Local: http://localhost:5000","timestamp":"2025-08-11 00:27:15"}
{"level":"info","message":"Press CTRL+C to stop server","timestamp":"2025-08-11 00:27:15"}
{"level":"info","message":"Server started on port 5000 in development mode","timestamp":"2025-08-11 00:27:51"}
{"level":"info","message":"Local: http://localhost:5000","timestamp":"2025-08-11 00:27:51"}
{"level":"info","message":"Press CTRL+C to stop server","timestamp":"2025-08-11 00:27:51"}
{"level":"info","message":"Server started on port 5000 in development mode","timestamp":"2025-08-11 00:28:02"}
{"level":"info","message":"Local: http://localhost:5000","timestamp":"2025-08-11 00:28:02"}
{"level":"info","message":"Press CTRL+C to stop server","timestamp":"2025-08-11 00:28:02"}
{"level":"info","message":"Server started on port 5000 in development mode","timestamp":"2025-08-11 00:28:10"}
{"level":"info","message":"Local: http://localhost:5000","timestamp":"2025-08-11 00:28:10"}
{"level":"info","message":"Press CTRL+C to stop server","timestamp":"2025-08-11 00:28:10"}
{"level":"info","message":"Server started on port 5000 in development mode","timestamp":"2025-08-11 00:28:32"}
{"level":"info","message":"Local: http://localhost:5000","timestamp":"2025-08-11 00:28:32"}
{"level":"info","message":"Press CTRL+C to stop server","timestamp":"2025-08-11 00:28:32"}
{"level":"info","message":"Server started on port 5000 in development mode","timestamp":"2025-08-11 00:29:22"}
{"level":"info","message":"Local: http://localhost:5000","timestamp":"2025-08-11 00:29:22"}
{"level":"info","message":"Press CTRL+C to stop server","timestamp":"2025-08-11 00:29:22"}
{"level":"info","message":"Server started on port 5000 in development mode","timestamp":"2025-08-11 00:30:04"}
{"level":"info","message":"Local: http://localhost:5000","timestamp":"2025-08-11 00:30:04"}
{"level":"info","message":"Press CTRL+C to stop server","timestamp":"2025-08-11 00:30:04"}
{"level":"info","message":"Server started on port 5000 in development mode","timestamp":"2025-08-11 00:30:29"}
{"level":"info","message":"Local: http://localhost:5000","timestamp":"2025-08-11 00:30:29"}
{"level":"info","message":"Press CTRL+C to stop server","timestamp":"2025-08-11 00:30:29"}
{"level":"http","message":"GET /api/sub-categories - IP: ::1 - User-Agent: PostmanRuntime/7.45.0","timestamp":"2025-08-11 00:30:40"}
{"level":"info","message":"Server started on port 5000 in development mode","timestamp":"2025-08-11 00:33:04"}
{"level":"info","message":"Local: http://localhost:5000","timestamp":"2025-08-11 00:33:04"}
{"level":"info","message":"Press CTRL+C to stop server","timestamp":"2025-08-11 00:33:04"}
{"level":"info","message":"Server started on port 5000 in development mode","timestamp":"2025-08-11 00:33:17"}
{"level":"info","message":"Local: http://localhost:5000","timestamp":"2025-08-11 00:33:17"}
{"level":"info","message":"Press CTRL+C to stop server","timestamp":"2025-08-11 00:33:17"}
{"level":"info","message":"Server started on port 5000 in development mode","timestamp":"2025-08-11 00:33:34"}
{"level":"info","message":"Local: http://localhost:5000","timestamp":"2025-08-11 00:33:34"}
{"level":"info","message":"Press CTRL+C to stop server","timestamp":"2025-08-11 00:33:34"}
{"level":"http","message":"GET /api/sub-categories - IP: ::1 - User-Agent: PostmanRuntime/7.45.0","timestamp":"2025-08-11 00:33:46"}
{"level":"info","message":"Server started on port 5000 in development mode","timestamp":"2025-08-11 00:34:41"}
{"level":"info","message":"Local: http://localhost:5000","timestamp":"2025-08-11 00:34:41"}
{"level":"info","message":"Press CTRL+C to stop server","timestamp":"2025-08-11 00:34:41"}
{"level":"info","message":"Server started on port 5000 in development mode","timestamp":"2025-08-11 00:34:53"}
{"level":"info","message":"Local: http://localhost:5000","timestamp":"2025-08-11 00:34:53"}
{"level":"info","message":"Press CTRL+C to stop server","timestamp":"2025-08-11 00:34:53"}
{"level":"http","message":"GET /api/sub-categories - IP: ::1 - User-Agent: PostmanRuntime/7.45.0","timestamp":"2025-08-11 00:35:20"}
{"level":"http","message":"GET /api/sub-categories - IP: ::1 - User-Agent: PostmanRuntime/7.45.0","timestamp":"2025-08-11 00:35:27"}
{"level":"http","message":"GET /api/sub-categories - IP: ::1 - User-Agent: PostmanRuntime/7.45.0","timestamp":"2025-08-11 00:41:34"}
{"level":"info","message":"Server started on port 5000 in development mode","timestamp":"2025-08-11 00:49:49"}
{"level":"info","message":"Local: http://localhost:5000","timestamp":"2025-08-11 00:49:49"}
{"level":"info","message":"Press CTRL+C to stop server","timestamp":"2025-08-11 00:49:49"}
{"level":"info","message":"Server started on port 5000 in development mode","timestamp":"2025-08-11 00:50:01"}
{"level":"info","message":"Local: http://localhost:5000","timestamp":"2025-08-11 00:50:01"}
{"level":"info","message":"Press CTRL+C to stop server","timestamp":"2025-08-11 00:50:01"}
{"level":"info","message":"Server started on port 5000 in development mode","timestamp":"2025-08-11 00:52:00"}
{"level":"info","message":"Local: http://localhost:5000","timestamp":"2025-08-11 00:52:00"}
{"level":"info","message":"Press CTRL+C to stop server","timestamp":"2025-08-11 00:52:00"}
{"level":"info","message":"Server started on port 5000 in development mode","timestamp":"2025-08-11 00:53:41"}
{"level":"info","message":"Local: http://localhost:5000","timestamp":"2025-08-11 00:53:41"}
{"level":"info","message":"Press CTRL+C to stop server","timestamp":"2025-08-11 00:53:41"}
{"level":"http","message":"POST /api/users/ - IP: ::1 - User-Agent: PostmanRuntime/7.45.0","timestamp":"2025-08-11 00:56:40"}
{"level":"http","message":"POST /api/products/ - IP: ::1 - User-Agent: PostmanRuntime/7.45.0","timestamp":"2025-08-11 00:57:15"}
{"level":"http","message":"POST /api/login - IP: ::1 - User-Agent: PostmanRuntime/7.45.0","timestamp":"2025-08-11 00:57:25"}
{"level":"http","message":"POST /api/products/ - IP: ::1 - User-Agent: PostmanRuntime/7.45.0","timestamp":"2025-08-11 00:57:31"}
{"level":"info","message":"Server started on port 5000 in development mode","timestamp":"2025-08-11 01:22:10"}
{"level":"info","message":"Local: http://localhost:5000","timestamp":"2025-08-11 01:22:10"}
{"level":"info","message":"Press CTRL+C to stop server","timestamp":"2025-08-11 01:22:10"}
{"level":"info","message":"Server started on port 5000 in development mode","timestamp":"2025-08-11 01:22:24"}
{"level":"info","message":"Local: http://localhost:5000","timestamp":"2025-08-11 01:22:24"}
{"level":"info","message":"Press CTRL+C to stop server","timestamp":"2025-08-11 01:22:24"}
{"level":"info","message":"Server started on port 5000 in development mode","timestamp":"2025-08-11 01:23:58"}
{"level":"info","message":"Local: http://localhost:5000","timestamp":"2025-08-11 01:23:58"}
{"level":"info","message":"Press CTRL+C to stop server","timestamp":"2025-08-11 01:23:58"}
{"level":"info","message":"Server started on port 5000 in development mode","timestamp":"2025-08-11 01:26:58"}
{"level":"info","message":"Local: http://localhost:5000","timestamp":"2025-08-11 01:26:58"}
{"level":"info","message":"Press CTRL+C to stop server","timestamp":"2025-08-11 01:26:58"}
{"level":"info","message":"Server started on port 5000 in development mode","timestamp":"2025-08-11 01:27:57"}
{"level":"info","message":"Local: http://localhost:5000","timestamp":"2025-08-11 01:27:57"}
{"level":"info","message":"Press CTRL+C to stop server","timestamp":"2025-08-11 01:27:57"}
{"level":"info","message":"Server started on port 5000 in development mode","timestamp":"2025-08-11 01:28:35"}
{"level":"info","message":"Local: http://localhost:5000","timestamp":"2025-08-11 01:28:35"}
{"level":"info","message":"Press CTRL+C to stop server","timestamp":"2025-08-11 01:28:35"}
{"level":"http","message":"POST /api/categories - IP: ::1 - User-Agent: PostmanRuntime/7.45.0","timestamp":"2025-08-11 01:30:57"}
{"level":"http","message":"POST /api/sub-category - IP: ::1 - User-Agent: PostmanRuntime/7.45.0","timestamp":"2025-08-11 01:33:35"}
{"level":"info","message":"Server started on port 5000 in development mode","timestamp":"2025-08-11 01:39:34"}
{"level":"info","message":"Local: http://localhost:5000","timestamp":"2025-08-11 01:39:34"}
{"level":"info","message":"Press CTRL+C to stop server","timestamp":"2025-08-11 01:39:34"}
{"level":"http","message":"POST /api/sub-category - IP: ::1 - User-Agent: PostmanRuntime/7.45.0","timestamp":"2025-08-11 01:39:39"}
{"level":"info","message":"Server started on port 5000 in development mode","timestamp":"2025-08-11 01:40:06"}
{"level":"info","message":"Local: http://localhost:5000","timestamp":"2025-08-11 01:40:06"}
{"level":"info","message":"Press CTRL+C to stop server","timestamp":"2025-08-11 01:40:06"}
{"level":"info","message":"Server started on port 5000 in development mode","timestamp":"2025-08-11 01:40:13"}
{"level":"info","message":"Local: http://localhost:5000","timestamp":"2025-08-11 01:40:13"}
{"level":"info","message":"Press CTRL+C to stop server","timestamp":"2025-08-11 01:40:13"}
{"level":"info","message":"Server started on port 5000 in development mode","timestamp":"2025-08-11 01:40:20"}
{"level":"info","message":"Local: http://localhost:5000","timestamp":"2025-08-11 01:40:20"}
{"level":"info","message":"Press CTRL+C to stop server","timestamp":"2025-08-11 01:40:20"}
{"level":"http","message":"POST /api/sub-category - IP: ::1 - User-Agent: PostmanRuntime/7.45.0","timestamp":"2025-08-11 01:40:25"}
{"level":"http","message":"POST /api/users/ - IP: ::1 - User-Agent: PostmanRuntime/7.45.0","timestamp":"2025-08-11 01:48:21"}
{"level":"info","message":"Server started on port 5000 in development mode","timestamp":"2025-08-11 01:48:46"}
{"level":"info","message":"Local: http://localhost:5000","timestamp":"2025-08-11 01:48:46"}
{"level":"info","message":"Press CTRL+C to stop server","timestamp":"2025-08-11 01:48:46"}
{"level":"http","message":"POST /api/users/ - IP: ::1 - User-Agent: PostmanRuntime/7.45.0","timestamp":"2025-08-11 01:49:07"}
{"level":"info","message":"Server started on port 5000 in development mode","timestamp":"2025-08-11 01:49:27"}
{"level":"info","message":"Local: http://localhost:5000","timestamp":"2025-08-11 01:49:27"}
{"level":"info","message":"Press CTRL+C to stop server","timestamp":"2025-08-11 01:49:27"}
{"level":"info","message":"Server started on port 5000 in development mode","timestamp":"2025-08-11 01:56:22"}
{"level":"info","message":"Local: http://localhost:5000","timestamp":"2025-08-11 01:56:22"}
{"level":"info","message":"Press CTRL+C to stop server","timestamp":"2025-08-11 01:56:22"}
{"level":"http","message":"POST /api/products/ - IP: ::1 - User-Agent: PostmanRuntime/7.45.0","timestamp":"2025-08-11 01:56:57"}
{"level":"http","message":"POST /api/login - IP: ::1 - User-Agent: PostmanRuntime/7.45.0","timestamp":"2025-08-11 01:57:02"}
{"level":"http","message":"POST /api/users/ - IP: ::1 - User-Agent: PostmanRuntime/7.45.0","timestamp":"2025-08-11 01:57:13"}
{"level":"info","message":"Server started on port 5000 in development mode","timestamp":"2025-08-11 02:00:15"}
{"level":"info","message":"Local: http://localhost:5000","timestamp":"2025-08-11 02:00:15"}
{"level":"info","message":"Press CTRL+C to stop server","timestamp":"2025-08-11 02:00:15"}
{"level":"info","message":"Server started on port 5000 in development mode","timestamp":"2025-08-11 02:00:21"}
{"level":"info","message":"Local: http://localhost:5000","timestamp":"2025-08-11 02:00:21"}
{"level":"info","message":"Press CTRL+C to stop server","timestamp":"2025-08-11 02:00:21"}
{"level":"info","message":"Server started on port 5000 in development mode","timestamp":"2025-08-11 02:01:26"}
{"level":"info","message":"Local: http://localhost:5000","timestamp":"2025-08-11 02:01:26"}
{"level":"info","message":"Press CTRL+C to stop server","timestamp":"2025-08-11 02:01:26"}
{"level":"info","message":"Server started on port 5000 in development mode","timestamp":"2025-08-11 02:02:56"}
{"level":"info","message":"Local: http://localhost:5000","timestamp":"2025-08-11 02:02:56"}
{"level":"info","message":"Press CTRL+C to stop server","timestamp":"2025-08-11 02:02:56"}
{"level":"info","message":"Server started on port 5000 in development mode","timestamp":"2025-08-11 02:04:17"}
{"level":"info","message":"Local: http://localhost:5000","timestamp":"2025-08-11 02:04:17"}
{"level":"info","message":"Press CTRL+C to stop server","timestamp":"2025-08-11 02:04:17"}
{"level":"info","message":"Server started on port 5000 in development mode","timestamp":"2025-08-11 02:07:12"}
{"level":"info","message":"Local: http://localhost:5000","timestamp":"2025-08-11 02:07:12"}
{"level":"info","message":"Press CTRL+C to stop server","timestamp":"2025-08-11 02:07:12"}
{"level":"info","message":"Server started on port 5000 in development mode","timestamp":"2025-08-11 02:07:25"}
{"level":"info","message":"Local: http://localhost:5000","timestamp":"2025-08-11 02:07:25"}
{"level":"info","message":"Press CTRL+C to stop server","timestamp":"2025-08-11 02:07:25"}
{"level":"info","message":"Server started on port 5000 in development mode","timestamp":"2025-08-11 02:07:54"}
{"level":"info","message":"Local: http://localhost:5000","timestamp":"2025-08-11 02:07:54"}
{"level":"info","message":"Press CTRL+C to stop server","timestamp":"2025-08-11 02:07:54"}
{"level":"info","message":"Server started on port 5000 in development mode","timestamp":"2025-08-11 02:09:51"}
{"level":"info","message":"Local: http://localhost:5000","timestamp":"2025-08-11 02:09:51"}
{"level":"info","message":"Press CTRL+C to stop server","timestamp":"2025-08-11 02:09:51"}
{"level":"info","message":"Server started on port 5000 in development mode","timestamp":"2025-08-11 02:11:49"}
{"level":"info","message":"Local: http://localhost:5000","timestamp":"2025-08-11 02:11:49"}
{"level":"info","message":"Press CTRL+C to stop server","timestamp":"2025-08-11 02:11:49"}
{"level":"info","message":"Server started on port 5000 in development mode","timestamp":"2025-08-11 02:11:54"}
{"level":"info","message":"Local: http://localhost:5000","timestamp":"2025-08-11 02:11:54"}
{"level":"info","message":"Press CTRL+C to stop server","timestamp":"2025-08-11 02:11:54"}
{"level":"info","message":"Server started on port 5000 in development mode","timestamp":"2025-08-11 02:13:38"}
{"level":"info","message":"Local: http://localhost:5000","timestamp":"2025-08-11 02:13:38"}
{"level":"info","message":"Press CTRL+C to stop server","timestamp":"2025-08-11 02:13:38"}
{"level":"info","message":"Server started on port 5000 in development mode","timestamp":"2025-08-11 02:14:00"}
{"level":"info","message":"Local: http://localhost:5000","timestamp":"2025-08-11 02:14:00"}
{"level":"info","message":"Press CTRL+C to stop server","timestamp":"2025-08-11 02:14:00"}
{"level":"info","message":"Server started on port 5000 in development mode","timestamp":"2025-08-11 02:15:36"}
{"level":"info","message":"Local: http://localhost:5000","timestamp":"2025-08-11 02:15:36"}
{"level":"info","message":"Press CTRL+C to stop server","timestamp":"2025-08-11 02:15:36"}
{"level":"info","message":"Server started on port 5000 in development mode","timestamp":"2025-08-11 02:18:23"}
{"level":"info","message":"Local: http://localhost:5000","timestamp":"2025-08-11 02:18:23"}
{"level":"info","message":"Press CTRL+C to stop server","timestamp":"2025-08-11 02:18:23"}
{"level":"info","message":"Server started on port 5000 in development mode","timestamp":"2025-08-11 02:18:52"}
{"level":"info","message":"Local: http://localhost:5000","timestamp":"2025-08-11 02:18:52"}
{"level":"info","message":"Press CTRL+C to stop server","timestamp":"2025-08-11 02:18:52"}
{"level":"http","message":"GET /api/sub-categories - IP: ::1 - User-Agent: PostmanRuntime/7.45.0","timestamp":"2025-08-11 02:20:13"}
{"level":"info","message":"Server started on port 5000 in development mode","timestamp":"2025-08-11 02:26:37"}
{"level":"info","message":"Local: http://localhost:5000","timestamp":"2025-08-11 02:26:37"}
{"level":"info","message":"Press CTRL+C to stop server","timestamp":"2025-08-11 02:26:37"}
{"level":"info","message":"Server started on port 5000 in development mode","timestamp":"2025-08-11 02:26:51"}
{"level":"info","message":"Local: http://localhost:5000","timestamp":"2025-08-11 02:26:51"}
{"level":"info","message":"Press CTRL+C to stop server","timestamp":"2025-08-11 02:26:51"}
{"level":"info","message":"Server started on port 5000 in development mode","timestamp":"2025-08-11 02:27:04"}
{"level":"info","message":"Local: http://localhost:5000","timestamp":"2025-08-11 02:27:04"}
{"level":"info","message":"Press CTRL+C to stop server","timestamp":"2025-08-11 02:27:04"}
{"level":"info","message":"Server started on port 5000 in development mode","timestamp":"2025-08-11 02:28:06"}
{"level":"info","message":"Local: http://localhost:5000","timestamp":"2025-08-11 02:28:06"}
{"level":"info","message":"Press CTRL+C to stop server","timestamp":"2025-08-11 02:28:06"}
{"level":"info","message":"Server started on port 5000 in development mode","timestamp":"2025-08-11 02:29:01"}
{"level":"info","message":"Local: http://localhost:5000","timestamp":"2025-08-11 02:29:01"}
{"level":"info","message":"Press CTRL+C to stop server","timestamp":"2025-08-11 02:29:01"}
{"level":"info","message":"Server started on port 5000 in development mode","timestamp":"2025-08-11 02:29:05"}
{"level":"info","message":"Local: http://localhost:5000","timestamp":"2025-08-11 02:29:05"}
{"level":"info","message":"Press CTRL+C to stop server","timestamp":"2025-08-11 02:29:05"}
{"level":"info","message":"Server started on port 5000 in development mode","timestamp":"2025-08-11 02:31:56"}
{"level":"info","message":"Local: http://localhost:5000","timestamp":"2025-08-11 02:31:56"}
{"level":"info","message":"Press CTRL+C to stop server","timestamp":"2025-08-11 02:31:56"}
{"level":"info","message":"Server started on port 5000 in development mode","timestamp":"2025-08-11 02:32:28"}
{"level":"info","message":"Local: http://localhost:5000","timestamp":"2025-08-11 02:32:28"}
{"level":"info","message":"Press CTRL+C to stop server","timestamp":"2025-08-11 02:32:28"}
{"level":"info","message":"Server started on port 5000 in development mode","timestamp":"2025-08-11 02:36:38"}
{"level":"info","message":"Local: http://localhost:5000","timestamp":"2025-08-11 02:36:38"}
{"level":"info","message":"Press CTRL+C to stop server","timestamp":"2025-08-11 02:36:38"}
{"level":"info","message":"Server started on port 5000 in development mode","timestamp":"2025-08-11 02:37:14"}
{"level":"info","message":"Local: http://localhost:5000","timestamp":"2025-08-11 02:37:14"}
{"level":"info","message":"Press CTRL+C to stop server","timestamp":"2025-08-11 02:37:14"}
{"level":"info","message":"Server started on port 5000 in development mode","timestamp":"2025-08-11 02:39:11"}
{"level":"info","message":"Local: http://localhost:5000","timestamp":"2025-08-11 02:39:11"}
{"level":"info","message":"Press CTRL+C to stop server","timestamp":"2025-08-11 02:39:11"}
{"level":"info","message":"Server started on port 5000 in development mode","timestamp":"2025-08-11 02:41:03"}
{"level":"info","message":"Local: http://localhost:5000","timestamp":"2025-08-11 02:41:03"}
{"level":"info","message":"Press CTRL+C to stop server","timestamp":"2025-08-11 02:41:03"}
{"level":"info","message":"Server started on port 5000 in development mode","timestamp":"2025-08-11 02:41:07"}
{"level":"info","message":"Local: http://localhost:5000","timestamp":"2025-08-11 02:41:07"}
{"level":"info","message":"Press CTRL+C to stop server","timestamp":"2025-08-11 02:41:07"}
{"level":"info","message":"Server started on port 5000 in development mode","timestamp":"2025-08-11 02:41:12"}
{"level":"info","message":"Local: http://localhost:5000","timestamp":"2025-08-11 02:41:12"}
{"level":"info","message":"Press CTRL+C to stop server","timestamp":"2025-08-11 02:41:12"}
{"level":"info","message":"Server started on port 5000 in development mode","timestamp":"2025-08-11 02:41:24"}
{"level":"info","message":"Local: http://localhost:5000","timestamp":"2025-08-11 02:41:24"}
{"level":"info","message":"Press CTRL+C to stop server","timestamp":"2025-08-11 02:41:24"}
{"level":"info","message":"Server started on port 5000 in development mode","timestamp":"2025-08-11 02:42:24"}
{"level":"info","message":"Local: http://localhost:5000","timestamp":"2025-08-11 02:42:24"}
{"level":"info","message":"Press CTRL+C to stop server","timestamp":"2025-08-11 02:42:24"}
{"level":"info","message":"Server started on port 5000 in development mode","timestamp":"2025-08-11 02:42:27"}
{"level":"info","message":"Local: http://localhost:5000","timestamp":"2025-08-11 02:42:27"}
{"level":"info","message":"Press CTRL+C to stop server","timestamp":"2025-08-11 02:42:27"}
{"level":"info","message":"Server started on port 5000 in development mode","timestamp":"2025-08-11 02:42:58"}
{"level":"info","message":"Local: http://localhost:5000","timestamp":"2025-08-11 02:42:58"}
{"level":"info","message":"Press CTRL+C to stop server","timestamp":"2025-08-11 02:42:58"}
{"level":"info","message":"Server started on port 5000 in development mode","timestamp":"2025-08-11 02:43:28"}
{"level":"info","message":"Local: http://localhost:5000","timestamp":"2025-08-11 02:43:28"}
{"level":"info","message":"Press CTRL+C to stop server","timestamp":"2025-08-11 02:43:28"}
{"level":"info","message":"Server started on port 5000 in development mode","timestamp":"2025-08-11 02:43:36"}
{"level":"info","message":"Local: http://localhost:5000","timestamp":"2025-08-11 02:43:36"}
{"level":"info","message":"Press CTRL+C to stop server","timestamp":"2025-08-11 02:43:36"}
{"level":"info","message":"Server started on port 5000 in development mode","timestamp":"2025-08-11 02:44:09"}
{"level":"info","message":"Local: http://localhost:5000","timestamp":"2025-08-11 02:44:09"}
{"level":"info","message":"Press CTRL+C to stop server","timestamp":"2025-08-11 02:44:09"}
{"level":"info","message":"Server started on port 5000 in development mode","timestamp":"2025-08-11 02:44:12"}
{"level":"info","message":"Local: http://localhost:5000","timestamp":"2025-08-11 02:44:12"}
{"level":"info","message":"Press CTRL+C to stop server","timestamp":"2025-08-11 02:44:12"}
{"level":"info","message":"Server started on port 5000 in development mode","timestamp":"2025-08-11 02:44:35"}
{"level":"info","message":"Local: http://localhost:5000","timestamp":"2025-08-11 02:44:35"}
{"level":"info","message":"Press CTRL+C to stop server","timestamp":"2025-08-11 02:44:35"}
{"level":"info","message":"Server started on port 5000 in development mode","timestamp":"2025-08-11 02:46:08"}
{"level":"info","message":"Local: http://localhost:5000","timestamp":"2025-08-11 02:46:08"}
{"level":"info","message":"Press CTRL+C to stop server","timestamp":"2025-08-11 02:46:08"}
{"level":"info","message":"Server started on port 5000 in development mode","timestamp":"2025-08-11 02:46:33"}
{"level":"info","message":"Local: http://localhost:5000","timestamp":"2025-08-11 02:46:33"}
{"level":"info","message":"Press CTRL+C to stop server","timestamp":"2025-08-11 02:46:33"}
{"level":"info","message":"Server started on port 5000 in development mode","timestamp":"2025-08-11 02:46:56"}
{"level":"info","message":"Local: http://localhost:5000","timestamp":"2025-08-11 02:46:56"}
{"level":"info","message":"Press CTRL+C to stop server","timestamp":"2025-08-11 02:46:56"}
{"level":"info","message":"Server started on port 5000 in development mode","timestamp":"2025-08-11 02:47:01"}
{"level":"info","message":"Local: http://localhost:5000","timestamp":"2025-08-11 02:47:01"}
{"level":"info","message":"Press CTRL+C to stop server","timestamp":"2025-08-11 02:47:01"}
{"level":"info","message":"Server started on port 5000 in development mode","timestamp":"2025-08-11 02:47:46"}
{"level":"info","message":"Local: http://localhost:5000","timestamp":"2025-08-11 02:47:46"}
{"level":"info","message":"Press CTRL+C to stop server","timestamp":"2025-08-11 02:47:46"}
{"level":"info","message":"Server started on port 5000 in development mode","timestamp":"2025-08-11 02:47:53"}
{"level":"info","message":"Local: http://localhost:5000","timestamp":"2025-08-11 02:47:53"}
{"level":"info","message":"Press CTRL+C to stop server","timestamp":"2025-08-11 02:47:53"}
{"level":"info","message":"Server started on port 5000 in development mode","timestamp":"2025-08-11 02:48:05"}
{"level":"info","message":"Local: http://localhost:5000","timestamp":"2025-08-11 02:48:05"}
{"level":"info","message":"Press CTRL+C to stop server","timestamp":"2025-08-11 02:48:05"}
{"level":"info","message":"Server started on port 5000 in development mode","timestamp":"2025-08-11 02:48:28"}
{"level":"info","message":"Local: http://localhost:5000","timestamp":"2025-08-11 02:48:28"}
{"level":"info","message":"Press CTRL+C to stop server","timestamp":"2025-08-11 02:48:28"}
{"level":"info","message":"Server started on port 5000 in development mode","timestamp":"2025-08-11 02:48:53"}
{"level":"info","message":"Local: http://localhost:5000","timestamp":"2025-08-11 02:48:53"}
{"level":"info","message":"Press CTRL+C to stop server","timestamp":"2025-08-11 02:48:53"}
{"level":"info","message":"Server started on port 5000 in development mode","timestamp":"2025-08-11 02:50:58"}
{"level":"info","message":"Local: http://localhost:5000","timestamp":"2025-08-11 02:50:58"}
{"level":"info","message":"Press CTRL+C to stop server","timestamp":"2025-08-11 02:50:58"}
{"level":"info","message":"Server started on port 5000 in development mode","timestamp":"2025-08-11 02:52:25"}
{"level":"info","message":"Local: http://localhost:5000","timestamp":"2025-08-11 02:52:25"}
{"level":"info","message":"Press CTRL+C to stop server","timestamp":"2025-08-11 02:52:25"}
{"level":"info","message":"Server started on port 5000 in development mode","timestamp":"2025-08-11 02:52:45"}
{"level":"info","message":"Local: http://localhost:5000","timestamp":"2025-08-11 02:52:45"}
{"level":"info","message":"Press CTRL+C to stop server","timestamp":"2025-08-11 02:52:45"}
{"level":"info","message":"Server started on port 5000 in development mode","timestamp":"2025-08-11 02:52:50"}
{"level":"info","message":"Local: http://localhost:5000","timestamp":"2025-08-11 02:52:50"}
{"level":"info","message":"Press CTRL+C to stop server","timestamp":"2025-08-11 02:52:50"}
{"level":"info","message":"Server started on port 5000 in development mode","timestamp":"2025-08-11 02:52:54"}
{"level":"info","message":"Local: http://localhost:5000","timestamp":"2025-08-11 02:52:54"}
{"level":"info","message":"Press CTRL+C to stop server","timestamp":"2025-08-11 02:52:54"}
{"level":"info","message":"Server started on port 5000 in development mode","timestamp":"2025-08-11 02:53:59"}
{"level":"info","message":"Local: http://localhost:5000","timestamp":"2025-08-11 02:53:59"}
{"level":"info","message":"Press CTRL+C to stop server","timestamp":"2025-08-11 02:53:59"}
{"level":"http","message":"POST /api/users/ - IP: ::1 - User-Agent: PostmanRuntime/7.45.0","timestamp":"2025-08-11 02:59:35"}
{"level":"info","message":"Server started on port 5000 in development mode","timestamp":"2025-08-11 03:00:04"}
{"level":"info","message":"Local: http://localhost:5000","timestamp":"2025-08-11 03:00:04"}
{"level":"info","message":"Press CTRL+C to stop server","timestamp":"2025-08-11 03:00:04"}
{"level":"info","message":"Server started on port 5000 in development mode","timestamp":"2025-08-11 03:00:10"}
{"level":"info","message":"Local: http://localhost:5000","timestamp":"2025-08-11 03:00:10"}
{"level":"info","message":"Press CTRL+C to stop server","timestamp":"2025-08-11 03:00:10"}
{"level":"http","message":"POST /api/users/ - IP: ::1 - User-Agent: PostmanRuntime/7.45.0","timestamp":"2025-08-11 03:00:30"}
{"level":"info","message":"Server started on port 5000 in development mode","timestamp":"2025-08-11 03:01:00"}
{"level":"info","message":"Local: http://localhost:5000","timestamp":"2025-08-11 03:01:00"}
{"level":"info","message":"Press CTRL+C to stop server","timestamp":"2025-08-11 03:01:00"}
{"level":"info","message":"Server started on port 5000 in development mode","timestamp":"2025-08-11 03:01:07"}
{"level":"info","message":"Local: http://localhost:5000","timestamp":"2025-08-11 03:01:07"}
{"level":"info","message":"Press CTRL+C to stop server","timestamp":"2025-08-11 03:01:07"}
{"level":"http","message":"POST /api/users/ - IP: ::1 - User-Agent: PostmanRuntime/7.45.0","timestamp":"2025-08-11 03:01:23"}
{"level":"info","message":"Server started on port 5000 in development mode","timestamp":"2025-08-11 03:01:46"}
{"level":"info","message":"Local: http://localhost:5000","timestamp":"2025-08-11 03:01:46"}
{"level":"info","message":"Press CTRL+C to stop server","timestamp":"2025-08-11 03:01:46"}
{"level":"info","message":"Server started on port 5000 in development mode","timestamp":"2025-08-11 03:02:44"}
{"level":"info","message":"Local: http://localhost:5000","timestamp":"2025-08-11 03:02:44"}
{"level":"info","message":"Press CTRL+C to stop server","timestamp":"2025-08-11 03:02:44"}
{"level":"info","message":"Server started on port 5000 in development mode","timestamp":"2025-08-11 03:03:59"}
{"level":"info","message":"Local: http://localhost:5000","timestamp":"2025-08-11 03:03:59"}
{"level":"info","message":"Press CTRL+C to stop server","timestamp":"2025-08-11 03:03:59"}
{"level":"info","message":"Server started on port 5000 in development mode","timestamp":"2025-08-11 03:04:16"}
{"level":"info","message":"Local: http://localhost:5000","timestamp":"2025-08-11 03:04:16"}
{"level":"info","message":"Press CTRL+C to stop server","timestamp":"2025-08-11 03:04:16"}
{"level":"info","message":"Server started on port 5000 in development mode","timestamp":"2025-08-11 03:04:20"}
{"level":"info","message":"Local: http://localhost:5000","timestamp":"2025-08-11 03:04:20"}
{"level":"info","message":"Press CTRL+C to stop server","timestamp":"2025-08-11 03:04:20"}
{"level":"info","message":"Server started on port 5000 in development mode","timestamp":"2025-08-11 03:04:41"}
{"level":"info","message":"Local: http://localhost:5000","timestamp":"2025-08-11 03:04:41"}
{"level":"info","message":"Press CTRL+C to stop server","timestamp":"2025-08-11 03:04:41"}
{"level":"info","message":"Server started on port 5000 in development mode","timestamp":"2025-08-11 03:05:24"}
{"level":"info","message":"Local: http://localhost:5000","timestamp":"2025-08-11 03:05:24"}
{"level":"info","message":"Press CTRL+C to stop server","timestamp":"2025-08-11 03:05:24"}
{"level":"info","message":"Server started on port 5000 in development mode","timestamp":"2025-08-11 03:05:37"}
{"level":"info","message":"Local: http://localhost:5000","timestamp":"2025-08-11 03:05:37"}
{"level":"info","message":"Press CTRL+C to stop server","timestamp":"2025-08-11 03:05:37"}
{"level":"info","message":"Server started on port 5000 in development mode","timestamp":"2025-08-11 03:05:47"}
{"level":"info","message":"Local: http://localhost:5000","timestamp":"2025-08-11 03:05:47"}
{"level":"info","message":"Press CTRL+C to stop server","timestamp":"2025-08-11 03:05:47"}
{"level":"info","message":"Server started on port 5000 in development mode","timestamp":"2025-08-11 03:05:58"}
{"level":"info","message":"Local: http://localhost:5000","timestamp":"2025-08-11 03:05:58"}
{"level":"info","message":"Press CTRL+C to stop server","timestamp":"2025-08-11 03:05:58"}
{"level":"http","message":"POST /api/login - IP: ::1 - User-Agent: PostmanRuntime/7.45.0","timestamp":"2025-08-11 03:08:31"}
{"level":"http","message":"POST /api/login - IP: ::1 - User-Agent: PostmanRuntime/7.45.0","timestamp":"2025-08-11 03:08:35"}
{"level":"http","message":"POST /api/products/ - IP: ::1 - User-Agent: PostmanRuntime/7.45.0","timestamp":"2025-08-11 03:08:49"}
{"level":"http","message":"GET /api/categories - IP: ::1 - User-Agent: PostmanRuntime/7.45.0","timestamp":"2025-08-11 03:09:56"}
{"level":"http","message":"POST /api/sub-category - IP: ::1 - User-Agent: PostmanRuntime/7.45.0","timestamp":"2025-08-11 03:11:08"}
{"level":"http","message":"POST /api/sub-category - IP: ::1 - User-Agent: PostmanRuntime/7.45.0","timestamp":"2025-08-11 03:11:26"}
{"level":"http","message":"POST /api/sub-category - IP: ::1 - User-Agent: PostmanRuntime/7.45.0","timestamp":"2025-08-11 03:11:27"}
{"level":"http","message":"POST /api/sub-category - IP: ::1 - User-Agent: PostmanRuntime/7.45.0","timestamp":"2025-08-11 03:12:07"}
{"level":"info","message":"Server started on port 5000 in development mode","timestamp":"2025-08-11 03:13:05"}
{"level":"info","message":"Local: http://localhost:5000","timestamp":"2025-08-11 03:13:05"}
{"level":"info","message":"Press CTRL+C to stop server","timestamp":"2025-08-11 03:13:05"}
{"level":"info","message":"Server started on port 5000 in development mode","timestamp":"2025-08-11 03:13:29"}
{"level":"info","message":"Local: http://localhost:5000","timestamp":"2025-08-11 03:13:29"}
{"level":"info","message":"Press CTRL+C to stop server","timestamp":"2025-08-11 03:13:29"}
{"level":"http","message":"POST /api/categories - IP: ::1 - User-Agent: PostmanRuntime/7.45.0","timestamp":"2025-08-11 03:16:24"}
{"level":"http","message":"POST /api/sub-category - IP: ::1 - User-Agent: PostmanRuntime/7.45.0","timestamp":"2025-08-11 03:17:08"}
{"level":"http","message":"POST /api/sub-category - IP: ::1 - User-Agent: PostmanRuntime/7.45.0","timestamp":"2025-08-11 03:17:10"}
{"level":"info","message":"Server started on port 5000 in development mode","timestamp":"2025-08-11 03:18:09"}
{"level":"info","message":"Local: http://localhost:5000","timestamp":"2025-08-11 03:18:09"}
{"level":"info","message":"Press CTRL+C to stop server","timestamp":"2025-08-11 03:18:09"}
{"level":"info","message":"Server started on port 5000 in development mode","timestamp":"2025-08-11 03:18:56"}
{"level":"info","message":"Local: http://localhost:5000","timestamp":"2025-08-11 03:18:56"}
{"level":"info","message":"Press CTRL+C to stop server","timestamp":"2025-08-11 03:18:56"}
{"level":"http","message":"POST /api/sub-category - IP: ::1 - User-Agent: PostmanRuntime/7.45.0","timestamp":"2025-08-11 03:18:57"}
{"level":"http","message":"POST /api/sub-categories - IP: ::1 - User-Agent: PostmanRuntime/7.45.0","timestamp":"2025-08-11 03:20:05"}
{"level":"info","message":"Server started on port 5000 in development mode","timestamp":"2025-08-11 03:20:50"}
{"level":"info","message":"Local: http://localhost:5000","timestamp":"2025-08-11 03:20:50"}
{"level":"info","message":"Press CTRL+C to stop server","timestamp":"2025-08-11 03:20:50"}
{"level":"info","message":"Server started on port 5000 in development mode","timestamp":"2025-08-11 03:23:37"}
{"level":"info","message":"Local: http://localhost:5000","timestamp":"2025-08-11 03:23:37"}
{"level":"info","message":"Press CTRL+C to stop server","timestamp":"2025-08-11 03:23:37"}
{"level":"info","message":"Server started on port 5000 in development mode","timestamp":"2025-08-11 03:23:41"}
{"level":"info","message":"Local: http://localhost:5000","timestamp":"2025-08-11 03:23:41"}
{"level":"info","message":"Press CTRL+C to stop server","timestamp":"2025-08-11 03:23:41"}
{"level":"http","message":"POST /api/categories - IP: ::1 - User-Agent: PostmanRuntime/7.45.0","timestamp":"2025-08-11 03:24:54"}
{"level":"http","message":"POST /api/login - IP: ::1 - User-Agent: PostmanRuntime/7.45.0","timestamp":"2025-08-11 03:24:58"}
{"level":"http","message":"POST /api/users/ - IP: ::1 - User-Agent: PostmanRuntime/7.45.0","timestamp":"2025-08-11 03:25:07"}
{"level":"http","message":"POST /api/login - IP: ::1 - User-Agent: PostmanRuntime/7.45.0","timestamp":"2025-08-11 03:25:21"}
{"level":"http","message":"GET /api/categories - IP: ::1 - User-Agent: PostmanRuntime/7.45.0","timestamp":"2025-08-11 03:25:31"}
{"level":"http","message":"GET /api/categories/Electronics - IP: ::1 - User-Agent: PostmanRuntime/7.45.0","timestamp":"2025-08-11 03:25:40"}
{"level":"http","message":"PATCH /api/categories/9dcf0bdc-9800-4ca2-a6c3-2f9548124590 - IP: ::1 - User-Agent: PostmanRuntime/7.45.0","timestamp":"2025-08-11 03:25:54"}
{"level":"http","message":"POST /api/categories - IP: ::1 - User-Agent: PostmanRuntime/7.45.0","timestamp":"2025-08-11 03:26:05"}
{"level":"http","message":"POST /api/sub-categories - IP: ::1 - User-Agent: PostmanRuntime/7.45.0","timestamp":"2025-08-11 03:26:23"}
{"level":"http","message":"GET /api/categories/Electronics - IP: ::1 - User-Agent: PostmanRuntime/7.45.0","timestamp":"2025-08-11 03:26:39"}
{"level":"http","message":"GET /api/categories - IP: ::1 - User-Agent: PostmanRuntime/7.45.0","timestamp":"2025-08-11 03:26:48"}
{"level":"http","message":"POST /api/products/ - IP: ::1 - User-Agent: PostmanRuntime/7.45.0","timestamp":"2025-08-11 03:30:33"}
{"level":"http","message":"GET /api/sub-categories - IP: ::1 - User-Agent: PostmanRuntime/7.45.0","timestamp":"2025-08-11 03:31:42"}
{"level":"http","message":"GET /api/sub-categories/bb402bfb-39a7-49fd-9814-164a154f96d6 - IP: ::1 - User-Agent: PostmanRuntime/7.45.0","timestamp":"2025-08-11 03:32:38"}
{"level":"http","message":"GET /api/sub-categories/bb402bfb-39a7-49fd-9814-164a154f96d6 - IP: ::1 - User-Agent: PostmanRuntime/7.45.0","timestamp":"2025-08-11 03:33:11"}
{"level":"http","message":"GET /api/sub-categorie/chairs - IP: ::1 - User-Agent: PostmanRuntime/7.45.0","timestamp":"2025-08-11 03:33:48"}
{"level":"http","message":"GET /api/sub-categorie/chairs - IP: ::1 - User-Agent: PostmanRuntime/7.45.0","timestamp":"2025-08-11 03:34:09"}
{"level":"http","message":"GET /api/sub-categories - IP: ::1 - User-Agent: PostmanRuntime/7.45.0","timestamp":"2025-08-11 03:34:13"}
{"level":"http","message":"GET /api/sub-categories/chairs - IP: ::1 - User-Agent: PostmanRuntime/7.45.0","timestamp":"2025-08-11 03:36:47"}
{"level":"info","message":"Server started on port 5000 in development mode","timestamp":"2025-08-11 03:37:14"}
{"level":"info","message":"Local: http://localhost:5000","timestamp":"2025-08-11 03:37:14"}
{"level":"info","message":"Press CTRL+C to stop server","timestamp":"2025-08-11 03:37:14"}
{"level":"info","message":"Server started on port 5000 in development mode","timestamp":"2025-08-11 03:37:40"}
{"level":"info","message":"Local: http://localhost:5000","timestamp":"2025-08-11 03:37:40"}
{"level":"info","message":"Press CTRL+C to stop server","timestamp":"2025-08-11 03:37:40"}
{"level":"http","message":"GET /api/sub-categories/chairs - IP: ::1 - User-Agent: PostmanRuntime/7.45.0","timestamp":"2025-08-11 03:37:41"}
{"level":"http","message":"PATCH /api/sub-categories/bb402bfb-39a7-49fd-9814-164a154f96d6 - IP: ::1 - User-Agent: PostmanRuntime/7.45.0","timestamp":"2025-08-11 03:42:33"}
{"level":"http","message":"GET /api/sub-categories/chairs - IP: ::1 - User-Agent: PostmanRuntime/7.45.0","timestamp":"2025-08-11 03:42:46"}
{"level":"http","message":"GET /api/sub-categories/chair - IP: ::1 - User-Agent: PostmanRuntime/7.45.0","timestamp":"2025-08-11 03:42:53"}
{"level":"http","message":"GET /api/products/cb68066a-66ae-4d35-ba4c-d1408f4a6f8d - IP: ::1 - User-Agent: PostmanRuntime/7.45.0","timestamp":"2025-08-11 09:48:18"}
{"level":"http","message":"GET /api/products/ - IP: ::1 - User-Agent: PostmanRuntime/7.45.0","timestamp":"2025-08-11 09:48:34"}
{"level":"info","message":"Server started on port 5000 in development mode","timestamp":"2025-08-11 09:58:01"}
{"level":"info","message":"Local: http://localhost:5000","timestamp":"2025-08-11 09:58:01"}
{"level":"info","message":"Press CTRL+C to stop server","timestamp":"2025-08-11 09:58:01"}
{"level":"info","message":"Server started on port 5000 in development mode","timestamp":"2025-08-11 09:58:06"}
{"level":"info","message":"Local: http://localhost:5000","timestamp":"2025-08-11 09:58:06"}
{"level":"info","message":"Press CTRL+C to stop server","timestamp":"2025-08-11 09:58:06"}
{"level":"info","message":"Server started on port 5000 in development mode","timestamp":"2025-08-11 09:58:23"}
{"level":"info","message":"Local: http://localhost:5000","timestamp":"2025-08-11 09:58:23"}
{"level":"info","message":"Press CTRL+C to stop server","timestamp":"2025-08-11 09:58:23"}
{"level":"info","message":"Server started on port 5000 in development mode","timestamp":"2025-08-11 09:58:44"}
{"level":"info","message":"Local: http://localhost:5000","timestamp":"2025-08-11 09:58:44"}
{"level":"info","message":"Press CTRL+C to stop server","timestamp":"2025-08-11 09:58:44"}
{"level":"info","message":"Server started on port 5000 in development mode","timestamp":"2025-08-11 09:58:58"}
{"level":"info","message":"Local: http://localhost:5000","timestamp":"2025-08-11 09:58:58"}
{"level":"info","message":"Press CTRL+C to stop server","timestamp":"2025-08-11 09:58:58"}
{"level":"info","message":"Server started on port 5000 in development mode","timestamp":"2025-08-11 09:59:41"}
{"level":"info","message":"Local: http://localhost:5000","timestamp":"2025-08-11 09:59:41"}
{"level":"info","message":"Press CTRL+C to stop server","timestamp":"2025-08-11 09:59:41"}
{"level":"info","message":"Server started on port 5000 in development mode","timestamp":"2025-08-11 09:59:49"}
{"level":"info","message":"Local: http://localhost:5000","timestamp":"2025-08-11 09:59:49"}
{"level":"info","message":"Press CTRL+C to stop server","timestamp":"2025-08-11 09:59:49"}
{"level":"info","message":"Server started on port 5000 in development mode","timestamp":"2025-08-11 10:00:12"}
{"level":"info","message":"Local: http://localhost:5000","timestamp":"2025-08-11 10:00:12"}
{"level":"info","message":"Press CTRL+C to stop server","timestamp":"2025-08-11 10:00:12"}
{"level":"info","message":"Server started on port 5000 in development mode","timestamp":"2025-08-11 10:00:18"}
{"level":"info","message":"Local: http://localhost:5000","timestamp":"2025-08-11 10:00:18"}
{"level":"info","message":"Press CTRL+C to stop server","timestamp":"2025-08-11 10:00:18"}
{"level":"info","message":"Server started on port 5000 in development mode","timestamp":"2025-08-11 10:00:59"}
{"level":"info","message":"Local: http://localhost:5000","timestamp":"2025-08-11 10:00:59"}
{"level":"info","message":"Press CTRL+C to stop server","timestamp":"2025-08-11 10:00:59"}
{"level":"info","message":"Server started on port 5000 in development mode","timestamp":"2025-08-11 10:01:09"}
{"level":"info","message":"Local: http://localhost:5000","timestamp":"2025-08-11 10:01:09"}
{"level":"info","message":"Press CTRL+C to stop server","timestamp":"2025-08-11 10:01:09"}
{"level":"info","message":"Server started on port 5000 in development mode","timestamp":"2025-08-11 10:01:20"}
{"level":"info","message":"Local: http://localhost:5000","timestamp":"2025-08-11 10:01:20"}
{"level":"info","message":"Press CTRL+C to stop server","timestamp":"2025-08-11 10:01:20"}
{"level":"info","message":"Server started on port 5000 in development mode","timestamp":"2025-08-11 10:05:04"}
{"level":"info","message":"Local: http://localhost:5000","timestamp":"2025-08-11 10:05:04"}
{"level":"info","message":"Press CTRL+C to stop server","timestamp":"2025-08-11 10:05:04"}
{"level":"info","message":"Server started on port 5000 in development mode","timestamp":"2025-08-11 10:05:28"}
{"level":"info","message":"Local: http://localhost:5000","timestamp":"2025-08-11 10:05:28"}
{"level":"info","message":"Press CTRL+C to stop server","timestamp":"2025-08-11 10:05:28"}
{"level":"info","message":"Server started on port 5000 in development mode","timestamp":"2025-08-11 10:06:14"}
{"level":"info","message":"Local: http://localhost:5000","timestamp":"2025-08-11 10:06:14"}
{"level":"info","message":"Press CTRL+C to stop server","timestamp":"2025-08-11 10:06:14"}
{"level":"info","message":"Server started on port 5000 in development mode","timestamp":"2025-08-11 10:08:26"}
{"level":"info","message":"Local: http://localhost:5000","timestamp":"2025-08-11 10:08:26"}
{"level":"info","message":"Press CTRL+C to stop server","timestamp":"2025-08-11 10:08:26"}
{"level":"info","message":"Server started on port 5000 in development mode","timestamp":"2025-08-11 10:08:32"}
{"level":"info","message":"Local: http://localhost:5000","timestamp":"2025-08-11 10:08:32"}
{"level":"info","message":"Press CTRL+C to stop server","timestamp":"2025-08-11 10:08:32"}
{"level":"info","message":"Server started on port 5000 in development mode","timestamp":"2025-08-11 10:09:01"}
{"level":"info","message":"Local: http://localhost:5000","timestamp":"2025-08-11 10:09:01"}
{"level":"info","message":"Press CTRL+C to stop server","timestamp":"2025-08-11 10:09:01"}
{"level":"info","message":"Server started on port 5000 in development mode","timestamp":"2025-08-11 10:09:13"}
{"level":"info","message":"Local: http://localhost:5000","timestamp":"2025-08-11 10:09:13"}
{"level":"info","message":"Press CTRL+C to stop server","timestamp":"2025-08-11 10:09:13"}
{"level":"info","message":"Server started on port 5000 in development mode","timestamp":"2025-08-11 10:11:01"}
{"level":"info","message":"Local: http://localhost:5000","timestamp":"2025-08-11 10:11:01"}
{"level":"info","message":"Press CTRL+C to stop server","timestamp":"2025-08-11 10:11:01"}
{"level":"info","message":"Server started on port 5000 in development mode","timestamp":"2025-08-11 10:11:09"}
{"level":"info","message":"Local: http://localhost:5000","timestamp":"2025-08-11 10:11:09"}
{"level":"info","message":"Press CTRL+C to stop server","timestamp":"2025-08-11 10:11:09"}
{"level":"info","message":"Server started on port 5000 in development mode","timestamp":"2025-08-11 10:11:21"}
{"level":"info","message":"Local: http://localhost:5000","timestamp":"2025-08-11 10:11:21"}
{"level":"info","message":"Press CTRL+C to stop server","timestamp":"2025-08-11 10:11:21"}
{"level":"info","message":"Server started on port 5000 in development mode","timestamp":"2025-08-11 10:45:38"}
{"level":"info","message":"Local: http://localhost:5000","timestamp":"2025-08-11 10:45:38"}
{"level":"info","message":"Press CTRL+C to stop server","timestamp":"2025-08-11 10:45:38"}
{"level":"info","message":"Server started on port 5000 in development mode","timestamp":"2025-08-11 10:46:11"}
{"level":"info","message":"Local: http://localhost:5000","timestamp":"2025-08-11 10:46:11"}
{"level":"info","message":"Press CTRL+C to stop server","timestamp":"2025-08-11 10:46:11"}
{"level":"http","message":"POST /api/products/ - IP: ::1 - User-Agent: PostmanRuntime/7.45.0","timestamp":"2025-08-11 10:55:36"}
{"level":"info","message":"Server started on port 5000 in development mode","timestamp":"2025-08-11 10:59:09"}
{"level":"info","message":"Local: http://localhost:5000","timestamp":"2025-08-11 10:59:09"}
{"level":"info","message":"Press CTRL+C to stop server","timestamp":"2025-08-11 10:59:09"}
{"level":"info","message":"Server started on port 5000 in development mode","timestamp":"2025-08-11 11:01:36"}
{"level":"info","message":"Local: http://localhost:5000","timestamp":"2025-08-11 11:01:36"}
{"level":"info","message":"Press CTRL+C to stop server","timestamp":"2025-08-11 11:01:36"}
{"level":"info","message":"Server started on port 5000 in development mode","timestamp":"2025-08-11 11:01:54"}
{"level":"info","message":"Local: http://localhost:5000","timestamp":"2025-08-11 11:01:54"}
{"level":"info","message":"Press CTRL+C to stop server","timestamp":"2025-08-11 11:01:54"}
{"level":"info","message":"Server started on port 5000 in development mode","timestamp":"2025-08-11 11:02:35"}
{"level":"info","message":"Local: http://localhost:5000","timestamp":"2025-08-11 11:02:35"}
{"level":"info","message":"Press CTRL+C to stop server","timestamp":"2025-08-11 11:02:35"}
{"level":"info","message":"Server started on port 5000 in development mode","timestamp":"2025-08-11 11:03:01"}
{"level":"info","message":"Local: http://localhost:5000","timestamp":"2025-08-11 11:03:01"}
{"level":"info","message":"Press CTRL+C to stop server","timestamp":"2025-08-11 11:03:01"}
{"level":"info","message":"Server started on port 5000 in development mode","timestamp":"2025-08-11 11:03:08"}
{"level":"info","message":"Local: http://localhost:5000","timestamp":"2025-08-11 11:03:08"}
{"level":"info","message":"Press CTRL+C to stop server","timestamp":"2025-08-11 11:03:08"}
{"level":"info","message":"Server started on port 5000 in development mode","timestamp":"2025-08-11 11:04:07"}
{"level":"info","message":"Local: http://localhost:5000","timestamp":"2025-08-11 11:04:07"}
{"level":"info","message":"Press CTRL+C to stop server","timestamp":"2025-08-11 11:04:07"}
{"level":"info","message":"Server started on port 5000 in development mode","timestamp":"2025-08-11 11:04:23"}
{"level":"info","message":"Local: http://localhost:5000","timestamp":"2025-08-11 11:04:23"}
{"level":"info","message":"Press CTRL+C to stop server","timestamp":"2025-08-11 11:04:23"}
{"level":"info","message":"Server started on port 5000 in development mode","timestamp":"2025-08-11 11:04:49"}
{"level":"info","message":"Local: http://localhost:5000","timestamp":"2025-08-11 11:04:49"}
{"level":"info","message":"Press CTRL+C to stop server","timestamp":"2025-08-11 11:04:49"}
{"level":"http","message":"POST /api/users/ - IP: ::1 - User-Agent: PostmanRuntime/7.45.0","timestamp":"2025-08-11 11:08:21"}
{"level":"http","message":"POST /api/users/ - IP: ::1 - User-Agent: PostmanRuntime/7.45.0","timestamp":"2025-08-11 11:08:50"}
{"level":"info","message":"Server started on port 5000 in development mode","timestamp":"2025-08-11 11:12:00"}
{"level":"info","message":"Local: http://localhost:5000","timestamp":"2025-08-11 11:12:00"}
{"level":"info","message":"Press CTRL+C to stop server","timestamp":"2025-08-11 11:12:00"}
{"level":"info","message":"Server started on port 5000 in development mode","timestamp":"2025-08-11 11:12:07"}
{"level":"info","message":"Local: http://localhost:5000","timestamp":"2025-08-11 11:12:07"}
{"level":"info","message":"Press CTRL+C to stop server","timestamp":"2025-08-11 11:12:07"}
{"level":"info","message":"Server started on port 5000 in development mode","timestamp":"2025-08-11 11:13:39"}
{"level":"info","message":"Local: http://localhost:5000","timestamp":"2025-08-11 11:13:39"}
{"level":"info","message":"Press CTRL+C to stop server","timestamp":"2025-08-11 11:13:39"}
{"level":"info","message":"Server started on port 5000 in development mode","timestamp":"2025-08-11 11:14:31"}
{"level":"info","message":"Local: http://localhost:5000","timestamp":"2025-08-11 11:14:31"}
{"level":"info","message":"Press CTRL+C to stop server","timestamp":"2025-08-11 11:14:31"}
{"level":"info","message":"Server started on port 5000 in development mode","timestamp":"2025-08-11 11:15:33"}
{"level":"info","message":"Local: http://localhost:5000","timestamp":"2025-08-11 11:15:33"}
{"level":"info","message":"Press CTRL+C to stop server","timestamp":"2025-08-11 11:15:33"}
{"level":"http","message":"GET /api/products/ - IP: ::1 - User-Agent: PostmanRuntime/7.45.0","timestamp":"2025-08-11 11:16:48"}
{"level":"info","message":"Server started on port 5000 in development mode","timestamp":"2025-08-11 11:18:27"}
{"level":"info","message":"Local: http://localhost:5000","timestamp":"2025-08-11 11:18:27"}
{"level":"info","message":"Press CTRL+C to stop server","timestamp":"2025-08-11 11:18:27"}
{"level":"info","message":"Server started on port 5000 in development mode","timestamp":"2025-08-11 11:21:05"}
{"level":"info","message":"Local: http://localhost:5000","timestamp":"2025-08-11 11:21:05"}
{"level":"info","message":"Press CTRL+C to stop server","timestamp":"2025-08-11 11:21:05"}
{"level":"info","message":"Server started on port 5000 in development mode","timestamp":"2025-08-11 11:41:50"}
{"level":"info","message":"Local: http://localhost:5000","timestamp":"2025-08-11 11:41:50"}
{"level":"info","message":"Press CTRL+C to stop server","timestamp":"2025-08-11 11:41:50"}
{"level":"info","message":"Server started on port 5000 in development mode","timestamp":"2025-08-11 11:51:41"}
{"level":"info","message":"Local: http://localhost:5000","timestamp":"2025-08-11 11:51:41"}
{"level":"info","message":"Press CTRL+C to stop server","timestamp":"2025-08-11 11:51:41"}
{"level":"http","message":"GET /api/products/cb68066a-66ae-4d35-ba4c-d1408f4a6f8d - IP: ::1 - User-Agent: PostmanRuntime/7.45.0","timestamp":"2025-08-11 11:57:53"}
{"level":"http","message":"GET /api/products - IP: ::1 - User-Agent: PostmanRuntime/7.45.0","timestamp":"2025-08-11 11:58:02"}
