{"level":"info","message":"Server started on port 5000 in DEV mode","timestamp":"2025-08-10 18:38:36"}
{"level":"info","message":"Local: http://localhost:5000","timestamp":"2025-08-10 18:38:36"}
{"level":"info","message":"Press CTRL+C to stop server","timestamp":"2025-08-10 18:38:36"}
{"level":"info","message":"Server started on port 5000 in DEV mode","timestamp":"2025-08-10 18:40:49"}
{"level":"info","message":"Local: http://localhost:5000","timestamp":"2025-08-10 18:40:49"}
{"level":"info","message":"Press CTRL+C to stop server","timestamp":"2025-08-10 18:40:49"}
{"level":"error","message":"[Database Connection] SASL: SCRAM-SERVER-FIRST-MESSAGE: client password must be a string","stack":"SequelizeConnectionError: SASL: SCRAM-SERVER-FIRST-MESSAGE: client password must be a string\n    at Client._connectionCallback (/home/fabrice/ecommerce-practice/node_modules/sequelize/src/dialects/postgres/connection-manager.js:200:20)\n    at Client._handleErrorWhileConnecting (/home/fabrice/ecommerce-practice/node_modules/pg/lib/client.js:336:19)\n    at Client._handleErrorEvent (/home/fabrice/ecommerce-practice/node_modules/pg/lib/client.js:346:19)\n    at Connection.emit (node:events:518:28)\n    at Connection.emit (node:domain:489:12)\n    at Client._handleAuthSASLContinue (/home/fabrice/ecommerce-practice/node_modules/pg/lib/client.js:284:23)\n    at processTicksAndRejections (node:internal/process/task_queues:105:5)","timestamp":"2025-08-10 18:44:49"}
{"level":"error","message":"[Database Connection] SASL: SCRAM-SERVER-FIRST-MESSAGE: client password must be a string","stack":"SequelizeConnectionError: SASL: SCRAM-SERVER-FIRST-MESSAGE: client password must be a string\n    at Client._connectionCallback (/home/fabrice/ecommerce-practice/node_modules/sequelize/src/dialects/postgres/connection-manager.js:200:20)\n    at Client._handleErrorWhileConnecting (/home/fabrice/ecommerce-practice/node_modules/pg/lib/client.js:336:19)\n    at Client._handleErrorEvent (/home/fabrice/ecommerce-practice/node_modules/pg/lib/client.js:346:19)\n    at Connection.emit (node:events:518:28)\n    at Connection.emit (node:domain:489:12)\n    at Client._handleAuthSASLContinue (/home/fabrice/ecommerce-practice/node_modules/pg/lib/client.js:284:23)\n    at processTicksAndRejections (node:internal/process/task_queues:105:5)","timestamp":"2025-08-10 18:55:51"}
{"level":"error","message":"[Database Connection] SASL: SCRAM-SERVER-FIRST-MESSAGE: client password must be a string","stack":"SequelizeConnectionError: SASL: SCRAM-SERVER-FIRST-MESSAGE: client password must be a string\n    at Client._connectionCallback (/home/fabrice/ecommerce-practice/node_modules/sequelize/src/dialects/postgres/connection-manager.js:200:20)\n    at Client._handleErrorWhileConnecting (/home/fabrice/ecommerce-practice/node_modules/pg/lib/client.js:336:19)\n    at Client._handleErrorEvent (/home/fabrice/ecommerce-practice/node_modules/pg/lib/client.js:346:19)\n    at Connection.emit (node:events:518:28)\n    at Connection.emit (node:domain:489:12)\n    at Client._handleAuthSASLContinue (/home/fabrice/ecommerce-practice/node_modules/pg/lib/client.js:284:23)\n    at processTicksAndRejections (node:internal/process/task_queues:105:5)","timestamp":"2025-08-10 18:58:16"}
{"level":"error","message":"[Database Connection] SASL: SCRAM-SERVER-FIRST-MESSAGE: client password must be a string","stack":"SequelizeConnectionError: SASL: SCRAM-SERVER-FIRST-MESSAGE: client password must be a string\n    at Client._connectionCallback (/home/fabrice/ecommerce-practice/node_modules/sequelize/src/dialects/postgres/connection-manager.js:200:20)\n    at Client._handleErrorWhileConnecting (/home/fabrice/ecommerce-practice/node_modules/pg/lib/client.js:336:19)\n    at Client._handleErrorEvent (/home/fabrice/ecommerce-practice/node_modules/pg/lib/client.js:346:19)\n    at Connection.emit (node:events:518:28)\n    at Connection.emit (node:domain:489:12)\n    at Client._handleAuthSASLContinue (/home/fabrice/ecommerce-practice/node_modules/pg/lib/client.js:284:23)\n    at processTicksAndRejections (node:internal/process/task_queues:105:5)","timestamp":"2025-08-10 18:58:30"}
{"level":"error","message":"[Database Connection] SASL: SCRAM-SERVER-FIRST-MESSAGE: client password must be a string","stack":"SequelizeConnectionError: SASL: SCRAM-SERVER-FIRST-MESSAGE: client password must be a string\n    at Client._connectionCallback (/home/fabrice/ecommerce-practice/node_modules/sequelize/src/dialects/postgres/connection-manager.js:200:20)\n    at Client._handleErrorWhileConnecting (/home/fabrice/ecommerce-practice/node_modules/pg/lib/client.js:336:19)\n    at Client._handleErrorEvent (/home/fabrice/ecommerce-practice/node_modules/pg/lib/client.js:346:19)\n    at Connection.emit (node:events:518:28)\n    at Connection.emit (node:domain:489:12)\n    at Client._handleAuthSASLContinue (/home/fabrice/ecommerce-practice/node_modules/pg/lib/client.js:284:23)\n    at processTicksAndRejections (node:internal/process/task_queues:105:5)","timestamp":"2025-08-10 18:59:20"}
{"level":"error","message":"[Database Connection] SASL: SCRAM-SERVER-FIRST-MESSAGE: client password must be a string","stack":"SequelizeConnectionError: SASL: SCRAM-SERVER-FIRST-MESSAGE: client password must be a string\n    at Client._connectionCallback (/home/fabrice/ecommerce-practice/node_modules/sequelize/src/dialects/postgres/connection-manager.js:200:20)\n    at Client._handleErrorWhileConnecting (/home/fabrice/ecommerce-practice/node_modules/pg/lib/client.js:336:19)\n    at Client._handleErrorEvent (/home/fabrice/ecommerce-practice/node_modules/pg/lib/client.js:346:19)\n    at Connection.emit (node:events:518:28)\n    at Connection.emit (node:domain:489:12)\n    at Client._handleAuthSASLContinue (/home/fabrice/ecommerce-practice/node_modules/pg/lib/client.js:284:23)\n    at processTicksAndRejections (node:internal/process/task_queues:105:5)","timestamp":"2025-08-10 19:19:17"}
{"level":"error","message":"[Database Connection] SASL: SCRAM-SERVER-FIRST-MESSAGE: client password must be a string","stack":"SequelizeConnectionError: SASL: SCRAM-SERVER-FIRST-MESSAGE: client password must be a string\n    at Client._connectionCallback (/home/fabrice/ecommerce-practice/node_modules/sequelize/src/dialects/postgres/connection-manager.js:200:20)\n    at Client._handleErrorWhileConnecting (/home/fabrice/ecommerce-practice/node_modules/pg/lib/client.js:336:19)\n    at Client._handleErrorEvent (/home/fabrice/ecommerce-practice/node_modules/pg/lib/client.js:346:19)\n    at Connection.emit (node:events:518:28)\n    at Connection.emit (node:domain:489:12)\n    at Client._handleAuthSASLContinue (/home/fabrice/ecommerce-practice/node_modules/pg/lib/client.js:284:23)\n    at processTicksAndRejections (node:internal/process/task_queues:105:5)","timestamp":"2025-08-10 19:22:14"}
{"level":"error","message":"[Database Connection] SASL: SCRAM-SERVER-FIRST-MESSAGE: client password must be a string","stack":"SequelizeConnectionError: SASL: SCRAM-SERVER-FIRST-MESSAGE: client password must be a string\n    at Client._connectionCallback (/home/fabrice/ecommerce-practice/node_modules/sequelize/src/dialects/postgres/connection-manager.js:200:20)\n    at Client._handleErrorWhileConnecting (/home/fabrice/ecommerce-practice/node_modules/pg/lib/client.js:336:19)\n    at Client._handleErrorEvent (/home/fabrice/ecommerce-practice/node_modules/pg/lib/client.js:346:19)\n    at Connection.emit (node:events:518:28)\n    at Connection.emit (node:domain:489:12)\n    at Client._handleAuthSASLContinue (/home/fabrice/ecommerce-practice/node_modules/pg/lib/client.js:284:23)\n    at processTicksAndRejections (node:internal/process/task_queues:105:5)","timestamp":"2025-08-10 19:22:31"}
{"level":"error","message":"[Database Connection] SASL: SCRAM-SERVER-FIRST-MESSAGE: client password must be a string","stack":"SequelizeConnectionError: SASL: SCRAM-SERVER-FIRST-MESSAGE: client password must be a string\n    at Client._connectionCallback (/home/fabrice/ecommerce-practice/node_modules/sequelize/src/dialects/postgres/connection-manager.js:200:20)\n    at Client._handleErrorWhileConnecting (/home/fabrice/ecommerce-practice/node_modules/pg/lib/client.js:336:19)\n    at Client._handleErrorEvent (/home/fabrice/ecommerce-practice/node_modules/pg/lib/client.js:346:19)\n    at Connection.emit (node:events:518:28)\n    at Connection.emit (node:domain:489:12)\n    at Client._handleAuthSASLContinue (/home/fabrice/ecommerce-practice/node_modules/pg/lib/client.js:284:23)\n    at processTicksAndRejections (node:internal/process/task_queues:105:5)","timestamp":"2025-08-10 19:22:57"}
{"level":"error","message":"[Database Connection] SASL: SCRAM-SERVER-FIRST-MESSAGE: client password must be a string","stack":"SequelizeConnectionError: SASL: SCRAM-SERVER-FIRST-MESSAGE: client password must be a string\n    at Client._connectionCallback (/home/fabrice/ecommerce-practice/node_modules/sequelize/src/dialects/postgres/connection-manager.js:200:20)\n    at Client._handleErrorWhileConnecting (/home/fabrice/ecommerce-practice/node_modules/pg/lib/client.js:336:19)\n    at Client._handleErrorEvent (/home/fabrice/ecommerce-practice/node_modules/pg/lib/client.js:346:19)\n    at Connection.emit (node:events:518:28)\n    at Connection.emit (node:domain:489:12)\n    at Client._handleAuthSASLContinue (/home/fabrice/ecommerce-practice/node_modules/pg/lib/client.js:284:23)\n    at processTicksAndRejections (node:internal/process/task_queues:105:5)","timestamp":"2025-08-10 19:24:54"}
{"level":"error","message":"[Database Connection] SASL: SCRAM-SERVER-FIRST-MESSAGE: client password must be a string","stack":"SequelizeConnectionError: SASL: SCRAM-SERVER-FIRST-MESSAGE: client password must be a string\n    at Client._connectionCallback (/home/fabrice/ecommerce-practice/node_modules/sequelize/src/dialects/postgres/connection-manager.js:200:20)\n    at Client._handleErrorWhileConnecting (/home/fabrice/ecommerce-practice/node_modules/pg/lib/client.js:336:19)\n    at Client._handleErrorEvent (/home/fabrice/ecommerce-practice/node_modules/pg/lib/client.js:346:19)\n    at Connection.emit (node:events:518:28)\n    at Connection.emit (node:domain:489:12)\n    at Client._handleAuthSASLContinue (/home/fabrice/ecommerce-practice/node_modules/pg/lib/client.js:284:23)\n    at processTicksAndRejections (node:internal/process/task_queues:105:5)","timestamp":"2025-08-10 19:26:01"}
{"level":"error","message":"[Database Connection] SASL: SCRAM-SERVER-FIRST-MESSAGE: client password must be a string","stack":"SequelizeConnectionError: SASL: SCRAM-SERVER-FIRST-MESSAGE: client password must be a string\n    at Client._connectionCallback (/home/fabrice/ecommerce-practice/node_modules/sequelize/src/dialects/postgres/connection-manager.js:200:20)\n    at Client._handleErrorWhileConnecting (/home/fabrice/ecommerce-practice/node_modules/pg/lib/client.js:336:19)\n    at Client._handleErrorEvent (/home/fabrice/ecommerce-practice/node_modules/pg/lib/client.js:346:19)\n    at Connection.emit (node:events:518:28)\n    at Connection.emit (node:domain:489:12)\n    at Client._handleAuthSASLContinue (/home/fabrice/ecommerce-practice/node_modules/pg/lib/client.js:284:23)\n    at processTicksAndRejections (node:internal/process/task_queues:105:5)","timestamp":"2025-08-10 19:26:50"}
{"level":"error","message":"[Database Connection] SASL: SCRAM-SERVER-FIRST-MESSAGE: client password must be a string","stack":"SequelizeConnectionError: SASL: SCRAM-SERVER-FIRST-MESSAGE: client password must be a string\n    at Client._connectionCallback (/home/fabrice/ecommerce-practice/node_modules/sequelize/src/dialects/postgres/connection-manager.js:200:20)\n    at Client._handleErrorWhileConnecting (/home/fabrice/ecommerce-practice/node_modules/pg/lib/client.js:336:19)\n    at Client._handleErrorEvent (/home/fabrice/ecommerce-practice/node_modules/pg/lib/client.js:346:19)\n    at Connection.emit (node:events:518:28)\n    at Connection.emit (node:domain:489:12)\n    at Client._handleAuthSASLContinue (/home/fabrice/ecommerce-practice/node_modules/pg/lib/client.js:284:23)\n    at processTicksAndRejections (node:internal/process/task_queues:105:5)","timestamp":"2025-08-10 19:27:07"}
{"level":"error","message":"[Database Connection] password authentication failed for user \"fabrice\"","stack":"SequelizeConnectionError: password authentication failed for user \"fabrice\"\n    at Client._connectionCallback (/home/fabrice/ecommerce-practice/node_modules/sequelize/src/dialects/postgres/connection-manager.js:196:24)\n    at Client._handleErrorWhileConnecting (/home/fabrice/ecommerce-practice/node_modules/pg/lib/client.js:336:19)\n    at Client._handleErrorMessage (/home/fabrice/ecommerce-practice/node_modules/pg/lib/client.js:356:19)\n    at Connection.emit (node:events:518:28)\n    at Connection.emit (node:domain:489:12)\n    at /home/fabrice/ecommerce-practice/node_modules/pg/lib/connection.js:116:12\n    at Parser.parse (/home/fabrice/ecommerce-practice/node_modules/pg-protocol/src/parser.ts:103:9)\n    at Socket.<anonymous> (/home/fabrice/ecommerce-practice/node_modules/pg-protocol/src/index.ts:7:48)\n    at Socket.emit (node:events:518:28)\n    at Socket.emit (node:domain:489:12)","timestamp":"2025-08-10 19:29:58"}
{"level":"error","message":"[Database Connection] password authentication failed for user \"fabrice\"","stack":"SequelizeConnectionError: password authentication failed for user \"fabrice\"\n    at Client._connectionCallback (/home/fabrice/ecommerce-practice/node_modules/sequelize/src/dialects/postgres/connection-manager.js:196:24)\n    at Client._handleErrorWhileConnecting (/home/fabrice/ecommerce-practice/node_modules/pg/lib/client.js:336:19)\n    at Client._handleErrorMessage (/home/fabrice/ecommerce-practice/node_modules/pg/lib/client.js:356:19)\n    at Connection.emit (node:events:518:28)\n    at Connection.emit (node:domain:489:12)\n    at /home/fabrice/ecommerce-practice/node_modules/pg/lib/connection.js:116:12\n    at Parser.parse (/home/fabrice/ecommerce-practice/node_modules/pg-protocol/src/parser.ts:103:9)\n    at Socket.<anonymous> (/home/fabrice/ecommerce-practice/node_modules/pg-protocol/src/index.ts:7:48)\n    at Socket.emit (node:events:518:28)\n    at Socket.emit (node:domain:489:12)","timestamp":"2025-08-10 19:31:41"}
{"level":"error","message":"[Database Connection] password authentication failed for user \"fabrice\"","stack":"SequelizeConnectionError: password authentication failed for user \"fabrice\"\n    at Client._connectionCallback (/home/fabrice/ecommerce-practice/node_modules/sequelize/src/dialects/postgres/connection-manager.js:196:24)\n    at Client._handleErrorWhileConnecting (/home/fabrice/ecommerce-practice/node_modules/pg/lib/client.js:336:19)\n    at Client._handleErrorMessage (/home/fabrice/ecommerce-practice/node_modules/pg/lib/client.js:356:19)\n    at Connection.emit (node:events:518:28)\n    at Connection.emit (node:domain:489:12)\n    at /home/fabrice/ecommerce-practice/node_modules/pg/lib/connection.js:116:12\n    at Parser.parse (/home/fabrice/ecommerce-practice/node_modules/pg-protocol/src/parser.ts:103:9)\n    at Socket.<anonymous> (/home/fabrice/ecommerce-practice/node_modules/pg-protocol/src/index.ts:7:48)\n    at Socket.emit (node:events:518:28)\n    at Socket.emit (node:domain:489:12)","timestamp":"2025-08-10 19:32:42"}
{"level":"error","message":"[Database Connection] SASL: SCRAM-SERVER-FIRST-MESSAGE: client password must be a string","stack":"SequelizeConnectionError: SASL: SCRAM-SERVER-FIRST-MESSAGE: client password must be a string\n    at Client._connectionCallback (/home/fabrice/ecommerce-practice/node_modules/sequelize/src/dialects/postgres/connection-manager.js:200:20)\n    at Client._handleErrorWhileConnecting (/home/fabrice/ecommerce-practice/node_modules/pg/lib/client.js:336:19)\n    at Client._handleErrorEvent (/home/fabrice/ecommerce-practice/node_modules/pg/lib/client.js:346:19)\n    at Connection.emit (node:events:518:28)\n    at Connection.emit (node:domain:489:12)\n    at Client._handleAuthSASLContinue (/home/fabrice/ecommerce-practice/node_modules/pg/lib/client.js:284:23)\n    at processTicksAndRejections (node:internal/process/task_queues:105:5)","timestamp":"2025-08-10 19:33:31"}
{"level":"error","message":"[Database Connection] SASL: SCRAM-SERVER-FIRST-MESSAGE: client password must be a string","stack":"SequelizeConnectionError: SASL: SCRAM-SERVER-FIRST-MESSAGE: client password must be a string\n    at Client._connectionCallback (/home/fabrice/ecommerce-practice/node_modules/sequelize/src/dialects/postgres/connection-manager.js:200:20)\n    at Client._handleErrorWhileConnecting (/home/fabrice/ecommerce-practice/node_modules/pg/lib/client.js:336:19)\n    at Client._handleErrorEvent (/home/fabrice/ecommerce-practice/node_modules/pg/lib/client.js:346:19)\n    at Connection.emit (node:events:518:28)\n    at Connection.emit (node:domain:489:12)\n    at Client._handleAuthSASLContinue (/home/fabrice/ecommerce-practice/node_modules/pg/lib/client.js:284:23)\n    at processTicksAndRejections (node:internal/process/task_queues:105:5)","timestamp":"2025-08-10 19:35:35"}
{"level":"error","message":"[Database Connection] SASL: SCRAM-SERVER-FIRST-MESSAGE: client password must be a string","stack":"SequelizeConnectionError: SASL: SCRAM-SERVER-FIRST-MESSAGE: client password must be a string\n    at Client._connectionCallback (/home/fabrice/ecommerce-practice/node_modules/sequelize/src/dialects/postgres/connection-manager.js:200:20)\n    at Client._handleErrorWhileConnecting (/home/fabrice/ecommerce-practice/node_modules/pg/lib/client.js:336:19)\n    at Client._handleErrorEvent (/home/fabrice/ecommerce-practice/node_modules/pg/lib/client.js:346:19)\n    at Connection.emit (node:events:518:28)\n    at Connection.emit (node:domain:489:12)\n    at Client._handleAuthSASLContinue (/home/fabrice/ecommerce-practice/node_modules/pg/lib/client.js:284:23)\n    at processTicksAndRejections (node:internal/process/task_queues:105:5)","timestamp":"2025-08-10 19:36:45"}
{"level":"error","message":"[Database Connection] SASL: SCRAM-SERVER-FIRST-MESSAGE: client password must be a string","stack":"SequelizeConnectionError: SASL: SCRAM-SERVER-FIRST-MESSAGE: client password must be a string\n    at Client._connectionCallback (/home/fabrice/ecommerce-practice/node_modules/sequelize/src/dialects/postgres/connection-manager.js:200:20)\n    at Client._handleErrorWhileConnecting (/home/fabrice/ecommerce-practice/node_modules/pg/lib/client.js:336:19)\n    at Client._handleErrorEvent (/home/fabrice/ecommerce-practice/node_modules/pg/lib/client.js:346:19)\n    at Connection.emit (node:events:518:28)\n    at Connection.emit (node:domain:489:12)\n    at Client._handleAuthSASLContinue (/home/fabrice/ecommerce-practice/node_modules/pg/lib/client.js:284:23)\n    at processTicksAndRejections (node:internal/process/task_queues:105:5)","timestamp":"2025-08-10 19:36:56"}
{"level":"error","message":"[Database Connection] password authentication failed for user \"fabrice\"","stack":"SequelizeConnectionError: password authentication failed for user \"fabrice\"\n    at Client._connectionCallback (/home/fabrice/ecommerce-practice/node_modules/sequelize/src/dialects/postgres/connection-manager.js:196:24)\n    at Client._handleErrorWhileConnecting (/home/fabrice/ecommerce-practice/node_modules/pg/lib/client.js:336:19)\n    at Client._handleErrorMessage (/home/fabrice/ecommerce-practice/node_modules/pg/lib/client.js:356:19)\n    at Connection.emit (node:events:518:28)\n    at Connection.emit (node:domain:489:12)\n    at /home/fabrice/ecommerce-practice/node_modules/pg/lib/connection.js:116:12\n    at Parser.parse (/home/fabrice/ecommerce-practice/node_modules/pg-protocol/src/parser.ts:103:9)\n    at Socket.<anonymous> (/home/fabrice/ecommerce-practice/node_modules/pg-protocol/src/index.ts:7:48)\n    at Socket.emit (node:events:518:28)\n    at Socket.emit (node:domain:489:12)","timestamp":"2025-08-10 19:37:04"}
{"level":"info","message":"Server started on port 5000 in development mode","timestamp":"2025-08-10 19:49:45"}
{"level":"info","message":"Local: http://localhost:5000","timestamp":"2025-08-10 19:49:45"}
{"level":"info","message":"Press CTRL+C to stop server","timestamp":"2025-08-10 19:49:45"}
{"level":"info","message":"Server started on port 5000 in development mode","timestamp":"2025-08-10 19:50:54"}
{"level":"info","message":"Local: http://localhost:5000","timestamp":"2025-08-10 19:50:54"}
{"level":"info","message":"Press CTRL+C to stop server","timestamp":"2025-08-10 19:50:54"}
{"level":"info","message":"Server started on port 5000 in development mode","timestamp":"2025-08-10 19:51:12"}
{"level":"info","message":"Local: http://localhost:5000","timestamp":"2025-08-10 19:51:12"}
{"level":"info","message":"Press CTRL+C to stop server","timestamp":"2025-08-10 19:51:12"}
{"level":"info","message":"Server started on port 5000 in development mode","timestamp":"2025-08-10 19:51:23"}
{"level":"info","message":"Local: http://localhost:5000","timestamp":"2025-08-10 19:51:23"}
{"level":"info","message":"Press CTRL+C to stop server","timestamp":"2025-08-10 19:51:23"}
{"level":"info","message":"Server started on port 5000 in development mode","timestamp":"2025-08-10 19:51:37"}
{"level":"info","message":"Local: http://localhost:5000","timestamp":"2025-08-10 19:51:37"}
{"level":"info","message":"Press CTRL+C to stop server","timestamp":"2025-08-10 19:51:37"}
{"level":"info","message":"Server started on port 5000 in development mode","timestamp":"2025-08-10 19:52:24"}
{"level":"info","message":"Local: http://localhost:5000","timestamp":"2025-08-10 19:52:24"}
{"level":"info","message":"Press CTRL+C to stop server","timestamp":"2025-08-10 19:52:24"}
{"level":"info","message":"Server started on port 5000 in development mode","timestamp":"2025-08-10 19:52:55"}
{"level":"info","message":"Local: http://localhost:5000","timestamp":"2025-08-10 19:52:55"}
{"level":"info","message":"Press CTRL+C to stop server","timestamp":"2025-08-10 19:52:55"}
{"level":"info","message":"Server started on port 5000 in development mode","timestamp":"2025-08-10 19:53:07"}
{"level":"info","message":"Local: http://localhost:5000","timestamp":"2025-08-10 19:53:07"}
{"level":"info","message":"Press CTRL+C to stop server","timestamp":"2025-08-10 19:53:07"}
{"level":"info","message":"Server started on port 5000 in development mode","timestamp":"2025-08-10 19:53:13"}
{"level":"info","message":"Local: http://localhost:5000","timestamp":"2025-08-10 19:53:13"}
{"level":"info","message":"Press CTRL+C to stop server","timestamp":"2025-08-10 19:53:13"}
{"level":"info","message":"Server started on port 5000 in development mode","timestamp":"2025-08-10 19:53:21"}
{"level":"info","message":"Local: http://localhost:5000","timestamp":"2025-08-10 19:53:21"}
{"level":"info","message":"Press CTRL+C to stop server","timestamp":"2025-08-10 19:53:21"}
{"level":"info","message":"Server started on port 5000 in development mode","timestamp":"2025-08-10 19:54:03"}
{"level":"info","message":"Local: http://localhost:5000","timestamp":"2025-08-10 19:54:03"}
{"level":"info","message":"Press CTRL+C to stop server","timestamp":"2025-08-10 19:54:03"}
{"level":"info","message":"Server started on port 5000 in development mode","timestamp":"2025-08-10 19:54:29"}
{"level":"info","message":"Local: http://localhost:5000","timestamp":"2025-08-10 19:54:29"}
{"level":"info","message":"Press CTRL+C to stop server","timestamp":"2025-08-10 19:54:29"}
{"level":"info","message":"Server started on port 5000 in development mode","timestamp":"2025-08-10 19:54:55"}
{"level":"info","message":"Local: http://localhost:5000","timestamp":"2025-08-10 19:54:55"}
{"level":"info","message":"Press CTRL+C to stop server","timestamp":"2025-08-10 19:54:55"}
{"level":"http","message":"PATCH /api/categories/45636c76-b597-4cce-984f-61626929615f - IP: ::1 - User-Agent: PostmanRuntime/7.45.0","timestamp":"2025-08-10 19:57:51"}
{"level":"http","message":"DELETE /api/categories/11111111-1111-1111-1111-111111111111 - IP: ::1 - User-Agent: PostmanRuntime/7.45.0","timestamp":"2025-08-10 19:58:38"}
{"level":"info","message":"Server started on port 5000 in development mode","timestamp":"2025-08-10 20:15:12"}
{"level":"info","message":"Local: http://localhost:5000","timestamp":"2025-08-10 20:15:12"}
{"level":"info","message":"Press CTRL+C to stop server","timestamp":"2025-08-10 20:15:12"}
{"level":"info","message":"Server started on port 5000 in development mode","timestamp":"2025-08-10 20:15:26"}
{"level":"info","message":"Local: http://localhost:5000","timestamp":"2025-08-10 20:15:26"}
{"level":"info","message":"Press CTRL+C to stop server","timestamp":"2025-08-10 20:15:26"}
{"level":"info","message":"Server started on port 5000 in development mode","timestamp":"2025-08-10 20:15:32"}
{"level":"info","message":"Local: http://localhost:5000","timestamp":"2025-08-10 20:15:32"}
{"level":"info","message":"Press CTRL+C to stop server","timestamp":"2025-08-10 20:15:32"}
{"level":"error","message":"[Database Connection] password authentication failed for user \"fabrice\"","stack":"SequelizeConnectionError: password authentication failed for user \"fabrice\"\n    at Client._connectionCallback (/home/fabrice/ecommerce-practice/node_modules/sequelize/src/dialects/postgres/connection-manager.js:196:24)\n    at Client._handleErrorWhileConnecting (/home/fabrice/ecommerce-practice/node_modules/pg/lib/client.js:336:19)\n    at Client._handleErrorMessage (/home/fabrice/ecommerce-practice/node_modules/pg/lib/client.js:356:19)\n    at Connection.emit (node:events:518:28)\n    at Connection.emit (node:domain:489:12)\n    at /home/fabrice/ecommerce-practice/node_modules/pg/lib/connection.js:116:12\n    at Parser.parse (/home/fabrice/ecommerce-practice/node_modules/pg-protocol/src/parser.ts:103:9)\n    at Socket.<anonymous> (/home/fabrice/ecommerce-practice/node_modules/pg-protocol/src/index.ts:7:48)\n    at Socket.emit (node:events:518:28)\n    at Socket.emit (node:domain:489:12)","timestamp":"2025-08-10 20:15:42"}
{"level":"error","message":"[Database Connection] password authentication failed for user \"fabrice\"","stack":"SequelizeConnectionError: password authentication failed for user \"fabrice\"\n    at Client._connectionCallback (/home/fabrice/ecommerce-practice/node_modules/sequelize/src/dialects/postgres/connection-manager.js:196:24)\n    at Client._handleErrorWhileConnecting (/home/fabrice/ecommerce-practice/node_modules/pg/lib/client.js:336:19)\n    at Client._handleErrorMessage (/home/fabrice/ecommerce-practice/node_modules/pg/lib/client.js:356:19)\n    at Connection.emit (node:events:518:28)\n    at Connection.emit (node:domain:489:12)\n    at /home/fabrice/ecommerce-practice/node_modules/pg/lib/connection.js:116:12\n    at Parser.parse (/home/fabrice/ecommerce-practice/node_modules/pg-protocol/src/parser.ts:103:9)\n    at Socket.<anonymous> (/home/fabrice/ecommerce-practice/node_modules/pg-protocol/src/index.ts:7:48)\n    at Socket.emit (node:events:518:28)\n    at Socket.emit (node:domain:489:12)","timestamp":"2025-08-10 20:15:46"}
{"level":"error","message":"[Database Connection] SASL: SCRAM-SERVER-FIRST-MESSAGE: client password must be a string","stack":"SequelizeConnectionError: SASL: SCRAM-SERVER-FIRST-MESSAGE: client password must be a string\n    at Client._connectionCallback (/home/fabrice/ecommerce-practice/node_modules/sequelize/src/dialects/postgres/connection-manager.js:200:20)\n    at Client._handleErrorWhileConnecting (/home/fabrice/ecommerce-practice/node_modules/pg/lib/client.js:336:19)\n    at Client._handleErrorEvent (/home/fabrice/ecommerce-practice/node_modules/pg/lib/client.js:346:19)\n    at Connection.emit (node:events:518:28)\n    at Connection.emit (node:domain:489:12)\n    at Client._handleAuthSASLContinue (/home/fabrice/ecommerce-practice/node_modules/pg/lib/client.js:284:23)\n    at processTicksAndRejections (node:internal/process/task_queues:105:5)","timestamp":"2025-08-10 20:16:04"}
{"level":"error","message":"[Database Connection] SASL: SCRAM-SERVER-FIRST-MESSAGE: client password must be a string","stack":"SequelizeConnectionError: SASL: SCRAM-SERVER-FIRST-MESSAGE: client password must be a string\n    at Client._connectionCallback (/home/fabrice/ecommerce-practice/node_modules/sequelize/src/dialects/postgres/connection-manager.js:200:20)\n    at Client._handleErrorWhileConnecting (/home/fabrice/ecommerce-practice/node_modules/pg/lib/client.js:336:19)\n    at Client._handleErrorEvent (/home/fabrice/ecommerce-practice/node_modules/pg/lib/client.js:346:19)\n    at Connection.emit (node:events:518:28)\n    at Connection.emit (node:domain:489:12)\n    at Client._handleAuthSASLContinue (/home/fabrice/ecommerce-practice/node_modules/pg/lib/client.js:284:23)\n    at processTicksAndRejections (node:internal/process/task_queues:105:5)","timestamp":"2025-08-10 20:16:24"}
{"level":"error","message":"[Database Connection] SASL: SCRAM-SERVER-FIRST-MESSAGE: client password must be a string","stack":"SequelizeConnectionError: SASL: SCRAM-SERVER-FIRST-MESSAGE: client password must be a string\n    at Client._connectionCallback (/home/fabrice/ecommerce-practice/node_modules/sequelize/src/dialects/postgres/connection-manager.js:200:20)\n    at Client._handleErrorWhileConnecting (/home/fabrice/ecommerce-practice/node_modules/pg/lib/client.js:336:19)\n    at Client._handleErrorEvent (/home/fabrice/ecommerce-practice/node_modules/pg/lib/client.js:346:19)\n    at Connection.emit (node:events:518:28)\n    at Connection.emit (node:domain:489:12)\n    at Client._handleAuthSASLContinue (/home/fabrice/ecommerce-practice/node_modules/pg/lib/client.js:284:23)\n    at processTicksAndRejections (node:internal/process/task_queues:105:5)","timestamp":"2025-08-10 20:17:58"}
{"level":"info","message":"Server started on port 5000 in development mode","timestamp":"2025-08-10 20:32:06"}
{"level":"info","message":"Local: http://localhost:5000","timestamp":"2025-08-10 20:32:06"}
{"level":"info","message":"Press CTRL+C to stop server","timestamp":"2025-08-10 20:32:06"}
{"level":"info","message":"Server started on port 5000 in development mode","timestamp":"2025-08-10 20:32:21"}
{"level":"info","message":"Local: http://localhost:5000","timestamp":"2025-08-10 20:32:21"}
{"level":"info","message":"Press CTRL+C to stop server","timestamp":"2025-08-10 20:32:21"}
{"level":"error","message":"[Database Connection] SASL: SCRAM-SERVER-FIRST-MESSAGE: client password must be a string","stack":"SequelizeConnectionError: SASL: SCRAM-SERVER-FIRST-MESSAGE: client password must be a string\n    at Client._connectionCallback (/home/fabrice/ecommerce-practice/node_modules/sequelize/src/dialects/postgres/connection-manager.js:200:20)\n    at Client._handleErrorWhileConnecting (/home/fabrice/ecommerce-practice/node_modules/pg/lib/client.js:336:19)\n    at Client._handleErrorEvent (/home/fabrice/ecommerce-practice/node_modules/pg/lib/client.js:346:19)\n    at Connection.emit (node:events:518:28)\n    at Connection.emit (node:domain:489:12)\n    at Client._handleAuthSASLContinue (/home/fabrice/ecommerce-practice/node_modules/pg/lib/client.js:284:23)\n    at processTicksAndRejections (node:internal/process/task_queues:105:5)","timestamp":"2025-08-10 20:32:39"}
{"level":"info","message":"Server started on port 5000 in development mode","timestamp":"2025-08-10 20:33:02"}
{"level":"info","message":"Local: http://localhost:5000","timestamp":"2025-08-10 20:33:02"}
{"level":"info","message":"Press CTRL+C to stop server","timestamp":"2025-08-10 20:33:02"}
{"level":"info","message":"Server started on port 5000 in development mode","timestamp":"2025-08-10 20:38:15"}
{"level":"info","message":"Local: http://localhost:5000","timestamp":"2025-08-10 20:38:15"}
{"level":"info","message":"Press CTRL+C to stop server","timestamp":"2025-08-10 20:38:15"}
{"level":"info","message":"Server started on port 5000 in development mode","timestamp":"2025-08-10 20:50:02"}
{"level":"info","message":"Local: http://localhost:5000","timestamp":"2025-08-10 20:50:02"}
{"level":"info","message":"Press CTRL+C to stop server","timestamp":"2025-08-10 20:50:02"}
{"level":"info","message":"Server started on port 5000 in development mode","timestamp":"2025-08-10 20:50:19"}
{"level":"info","message":"Local: http://localhost:5000","timestamp":"2025-08-10 20:50:19"}
{"level":"info","message":"Press CTRL+C to stop server","timestamp":"2025-08-10 20:50:19"}
{"level":"info","message":"Server started on port 5000 in development mode","timestamp":"2025-08-10 20:50:27"}
{"level":"info","message":"Local: http://localhost:5000","timestamp":"2025-08-10 20:50:27"}
{"level":"info","message":"Press CTRL+C to stop server","timestamp":"2025-08-10 20:50:27"}
{"level":"info","message":"Server started on port 5000 in development mode","timestamp":"2025-08-10 20:51:05"}
{"level":"info","message":"Local: http://localhost:5000","timestamp":"2025-08-10 20:51:05"}
{"level":"info","message":"Press CTRL+C to stop server","timestamp":"2025-08-10 20:51:05"}
{"level":"info","message":"Server started on port 5000 in development mode","timestamp":"2025-08-10 20:51:09"}
{"level":"info","message":"Local: http://localhost:5000","timestamp":"2025-08-10 20:51:09"}
{"level":"info","message":"Press CTRL+C to stop server","timestamp":"2025-08-10 20:51:09"}
{"level":"info","message":"Server started on port 5000 in development mode","timestamp":"2025-08-10 20:51:54"}
{"level":"info","message":"Local: http://localhost:5000","timestamp":"2025-08-10 20:51:54"}
{"level":"info","message":"Press CTRL+C to stop server","timestamp":"2025-08-10 20:51:54"}
{"level":"info","message":"Server started on port 5000 in development mode","timestamp":"2025-08-10 20:52:17"}
{"level":"info","message":"Local: http://localhost:5000","timestamp":"2025-08-10 20:52:17"}
{"level":"info","message":"Press CTRL+C to stop server","timestamp":"2025-08-10 20:52:17"}
{"level":"info","message":"Server started on port 5000 in development mode","timestamp":"2025-08-10 20:52:21"}
{"level":"info","message":"Local: http://localhost:5000","timestamp":"2025-08-10 20:52:21"}
{"level":"info","message":"Press CTRL+C to stop server","timestamp":"2025-08-10 20:52:21"}
{"level":"info","message":"Server started on port 5000 in development mode","timestamp":"2025-08-10 20:52:54"}
{"level":"info","message":"Local: http://localhost:5000","timestamp":"2025-08-10 20:52:54"}
{"level":"info","message":"Press CTRL+C to stop server","timestamp":"2025-08-10 20:52:54"}
{"level":"info","message":"Server started on port 5000 in development mode","timestamp":"2025-08-10 20:53:41"}
{"level":"info","message":"Local: http://localhost:5000","timestamp":"2025-08-10 20:53:41"}
{"level":"info","message":"Press CTRL+C to stop server","timestamp":"2025-08-10 20:53:41"}
{"level":"info","message":"Server started on port 5000 in development mode","timestamp":"2025-08-10 20:53:49"}
{"level":"info","message":"Local: http://localhost:5000","timestamp":"2025-08-10 20:53:49"}
{"level":"info","message":"Press CTRL+C to stop server","timestamp":"2025-08-10 20:53:49"}
{"level":"info","message":"Server started on port 5000 in development mode","timestamp":"2025-08-10 20:53:57"}
{"level":"info","message":"Local: http://localhost:5000","timestamp":"2025-08-10 20:53:57"}
{"level":"info","message":"Press CTRL+C to stop server","timestamp":"2025-08-10 20:53:57"}
{"level":"info","message":"Server started on port 5000 in development mode","timestamp":"2025-08-10 21:04:05"}
{"level":"info","message":"Local: http://localhost:5000","timestamp":"2025-08-10 21:04:05"}
{"level":"info","message":"Press CTRL+C to stop server","timestamp":"2025-08-10 21:04:05"}
{"level":"info","message":"Server started on port 5000 in development mode","timestamp":"2025-08-10 21:05:28"}
{"level":"info","message":"Local: http://localhost:5000","timestamp":"2025-08-10 21:05:28"}
{"level":"info","message":"Press CTRL+C to stop server","timestamp":"2025-08-10 21:05:28"}
{"level":"info","message":"Server started on port 5000 in development mode","timestamp":"2025-08-10 21:05:56"}
{"level":"info","message":"Local: http://localhost:5000","timestamp":"2025-08-10 21:05:56"}
{"level":"info","message":"Press CTRL+C to stop server","timestamp":"2025-08-10 21:05:56"}
{"level":"info","message":"Server started on port 5000 in development mode","timestamp":"2025-08-10 21:06:01"}
{"level":"info","message":"Local: http://localhost:5000","timestamp":"2025-08-10 21:06:01"}
{"level":"info","message":"Press CTRL+C to stop server","timestamp":"2025-08-10 21:06:01"}
{"level":"info","message":"Server started on port 5000 in development mode","timestamp":"2025-08-10 21:15:18"}
{"level":"info","message":"Local: http://localhost:5000","timestamp":"2025-08-10 21:15:18"}
{"level":"info","message":"Press CTRL+C to stop server","timestamp":"2025-08-10 21:15:18"}
{"level":"info","message":"Server started on port 5000 in development mode","timestamp":"2025-08-10 21:18:14"}
{"level":"info","message":"Local: http://localhost:5000","timestamp":"2025-08-10 21:18:14"}
{"level":"info","message":"Press CTRL+C to stop server","timestamp":"2025-08-10 21:18:14"}
{"level":"info","message":"Server started on port 5000 in development mode","timestamp":"2025-08-10 21:19:24"}
{"level":"info","message":"Local: http://localhost:5000","timestamp":"2025-08-10 21:19:24"}
{"level":"info","message":"Press CTRL+C to stop server","timestamp":"2025-08-10 21:19:24"}
{"level":"info","message":"Server started on port 5000 in development mode","timestamp":"2025-08-10 21:21:29"}
{"level":"info","message":"Local: http://localhost:5000","timestamp":"2025-08-10 21:21:29"}
{"level":"info","message":"Press CTRL+C to stop server","timestamp":"2025-08-10 21:21:29"}
{"level":"info","message":"Server started on port 5000 in development mode","timestamp":"2025-08-10 21:21:59"}
{"level":"info","message":"Local: http://localhost:5000","timestamp":"2025-08-10 21:21:59"}
{"level":"info","message":"Press CTRL+C to stop server","timestamp":"2025-08-10 21:21:59"}
{"level":"info","message":"Server started on port 5000 in development mode","timestamp":"2025-08-10 21:22:11"}
{"level":"info","message":"Local: http://localhost:5000","timestamp":"2025-08-10 21:22:11"}
{"level":"info","message":"Press CTRL+C to stop server","timestamp":"2025-08-10 21:22:11"}
{"level":"http","message":"POST /api/products/ - IP: ::1 - User-Agent: PostmanRuntime/7.45.0","timestamp":"2025-08-10 21:22:33"}
{"level":"info","message":"Server started on port 5000 in development mode","timestamp":"2025-08-10 21:24:10"}
{"level":"info","message":"Local: http://localhost:5000","timestamp":"2025-08-10 21:24:10"}
{"level":"info","message":"Press CTRL+C to stop server","timestamp":"2025-08-10 21:24:10"}
{"level":"info","message":"Server started on port 5000 in development mode","timestamp":"2025-08-10 21:24:27"}
{"level":"info","message":"Local: http://localhost:5000","timestamp":"2025-08-10 21:24:27"}
{"level":"info","message":"Press CTRL+C to stop server","timestamp":"2025-08-10 21:24:27"}
{"level":"http","message":"POST /api/products/ - IP: ::1 - User-Agent: PostmanRuntime/7.45.0","timestamp":"2025-08-10 21:24:39"}
{"level":"info","message":"Server started on port 5000 in development mode","timestamp":"2025-08-10 21:26:46"}
{"level":"info","message":"Local: http://localhost:5000","timestamp":"2025-08-10 21:26:46"}
{"level":"info","message":"Press CTRL+C to stop server","timestamp":"2025-08-10 21:26:46"}
{"level":"info","message":"Server started on port 5000 in development mode","timestamp":"2025-08-10 21:26:50"}
{"level":"info","message":"Local: http://localhost:5000","timestamp":"2025-08-10 21:26:50"}
{"level":"info","message":"Press CTRL+C to stop server","timestamp":"2025-08-10 21:26:50"}
{"level":"info","message":"Server started on port 5000 in development mode","timestamp":"2025-08-10 21:27:01"}
{"level":"info","message":"Local: http://localhost:5000","timestamp":"2025-08-10 21:27:01"}
{"level":"info","message":"Press CTRL+C to stop server","timestamp":"2025-08-10 21:27:01"}
{"level":"info","message":"Server started on port 5000 in development mode","timestamp":"2025-08-10 21:27:06"}
{"level":"info","message":"Local: http://localhost:5000","timestamp":"2025-08-10 21:27:06"}
{"level":"info","message":"Press CTRL+C to stop server","timestamp":"2025-08-10 21:27:06"}
{"level":"info","message":"Server started on port 5000 in development mode","timestamp":"2025-08-10 21:27:12"}
{"level":"info","message":"Local: http://localhost:5000","timestamp":"2025-08-10 21:27:12"}
{"level":"info","message":"Press CTRL+C to stop server","timestamp":"2025-08-10 21:27:12"}
{"level":"info","message":"Server started on port 5000 in development mode","timestamp":"2025-08-10 21:29:41"}
{"level":"info","message":"Local: http://localhost:5000","timestamp":"2025-08-10 21:29:41"}
{"level":"info","message":"Press CTRL+C to stop server","timestamp":"2025-08-10 21:29:41"}
{"level":"info","message":"Server started on port 5000 in development mode","timestamp":"2025-08-10 21:29:53"}
{"level":"info","message":"Local: http://localhost:5000","timestamp":"2025-08-10 21:29:53"}
{"level":"info","message":"Press CTRL+C to stop server","timestamp":"2025-08-10 21:29:53"}
{"level":"info","message":"Server started on port 5000 in development mode","timestamp":"2025-08-10 21:40:14"}
{"level":"info","message":"Local: http://localhost:5000","timestamp":"2025-08-10 21:40:14"}
{"level":"info","message":"Press CTRL+C to stop server","timestamp":"2025-08-10 21:40:14"}
{"level":"info","message":"Server started on port 5000 in development mode","timestamp":"2025-08-10 21:40:19"}
{"level":"info","message":"Local: http://localhost:5000","timestamp":"2025-08-10 21:40:19"}
{"level":"info","message":"Press CTRL+C to stop server","timestamp":"2025-08-10 21:40:19"}
{"level":"info","message":"Server started on port 5000 in development mode","timestamp":"2025-08-10 21:40:24"}
{"level":"info","message":"Local: http://localhost:5000","timestamp":"2025-08-10 21:40:24"}
{"level":"info","message":"Press CTRL+C to stop server","timestamp":"2025-08-10 21:40:24"}
{"level":"http","message":"POST /api/users/ - IP: ::1 - User-Agent: PostmanRuntime/7.45.0","timestamp":"2025-08-10 21:40:46"}
{"level":"http","message":"POST /api/users/ - IP: ::1 - User-Agent: PostmanRuntime/7.45.0","timestamp":"2025-08-10 21:42:39"}
{"level":"http","message":"POST /api/users/ - IP: ::1 - User-Agent: PostmanRuntime/7.45.0","timestamp":"2025-08-10 21:42:55"}
{"level":"http","message":"POST /api/users/ - IP: ::1 - User-Agent: PostmanRuntime/7.45.0","timestamp":"2025-08-10 21:43:38"}
{"level":"http","message":"POST /api/users/ - IP: ::1 - User-Agent: PostmanRuntime/7.45.0","timestamp":"2025-08-10 21:47:05"}
{"level":"http","message":"POST /api/products/ - IP: ::1 - User-Agent: PostmanRuntime/7.45.0","timestamp":"2025-08-10 21:50:38"}
{"level":"http","message":"POST /api/products/ - IP: ::1 - User-Agent: PostmanRuntime/7.45.0","timestamp":"2025-08-10 21:51:37"}
{"level":"info","message":"Server started on port 5000 in development mode","timestamp":"2025-08-10 21:52:19"}
{"level":"info","message":"Local: http://localhost:5000","timestamp":"2025-08-10 21:52:19"}
{"level":"info","message":"Press CTRL+C to stop server","timestamp":"2025-08-10 21:52:19"}
{"level":"info","message":"Server started on port 5000 in development mode","timestamp":"2025-08-10 21:52:30"}
{"level":"info","message":"Local: http://localhost:5000","timestamp":"2025-08-10 21:52:30"}
{"level":"info","message":"Press CTRL+C to stop server","timestamp":"2025-08-10 21:52:30"}
{"level":"http","message":"POST /api/products/ - IP: ::1 - User-Agent: PostmanRuntime/7.45.0","timestamp":"2025-08-10 21:52:30"}
{"level":"info","message":"Server started on port 5000 in development mode","timestamp":"2025-08-10 21:54:40"}
{"level":"info","message":"Local: http://localhost:5000","timestamp":"2025-08-10 21:54:40"}
{"level":"info","message":"Press CTRL+C to stop server","timestamp":"2025-08-10 21:54:40"}
{"level":"http","message":"POST /api/products/ - IP: ::1 - User-Agent: PostmanRuntime/7.45.0","timestamp":"2025-08-10 21:54:47"}
{"level":"info","message":"Server started on port 5000 in development mode","timestamp":"2025-08-10 21:55:38"}
{"level":"info","message":"Local: http://localhost:5000","timestamp":"2025-08-10 21:55:38"}
{"level":"info","message":"Press CTRL+C to stop server","timestamp":"2025-08-10 21:55:38"}
{"level":"info","message":"Server started on port 5000 in development mode","timestamp":"2025-08-10 21:56:06"}
{"level":"info","message":"Local: http://localhost:5000","timestamp":"2025-08-10 21:56:06"}
{"level":"info","message":"Press CTRL+C to stop server","timestamp":"2025-08-10 21:56:06"}
{"level":"http","message":"POST /api/products/ - IP: ::1 - User-Agent: PostmanRuntime/7.45.0","timestamp":"2025-08-10 21:56:08"}
{"level":"info","message":"Server started on port 5000 in development mode","timestamp":"2025-08-10 21:56:43"}
{"level":"info","message":"Local: http://localhost:5000","timestamp":"2025-08-10 21:56:43"}
{"level":"info","message":"Press CTRL+C to stop server","timestamp":"2025-08-10 21:56:43"}
{"level":"info","message":"Server started on port 5000 in development mode","timestamp":"2025-08-10 21:56:52"}
{"level":"info","message":"Local: http://localhost:5000","timestamp":"2025-08-10 21:56:52"}
{"level":"info","message":"Press CTRL+C to stop server","timestamp":"2025-08-10 21:56:52"}
{"level":"http","message":"POST /api/products/ - IP: ::1 - User-Agent: PostmanRuntime/7.45.0","timestamp":"2025-08-10 21:56:55"}
{"level":"info","message":"Server started on port 5000 in development mode","timestamp":"2025-08-10 21:57:12"}
{"level":"info","message":"Local: http://localhost:5000","timestamp":"2025-08-10 21:57:12"}
{"level":"info","message":"Press CTRL+C to stop server","timestamp":"2025-08-10 21:57:12"}
{"level":"info","message":"Server started on port 5000 in development mode","timestamp":"2025-08-10 21:57:16"}
{"level":"info","message":"Local: http://localhost:5000","timestamp":"2025-08-10 21:57:16"}
{"level":"info","message":"Press CTRL+C to stop server","timestamp":"2025-08-10 21:57:16"}
{"level":"info","message":"Server started on port 5000 in development mode","timestamp":"2025-08-10 21:57:39"}
{"level":"info","message":"Local: http://localhost:5000","timestamp":"2025-08-10 21:57:39"}
{"level":"info","message":"Press CTRL+C to stop server","timestamp":"2025-08-10 21:57:39"}
{"level":"info","message":"Server started on port 5000 in development mode","timestamp":"2025-08-10 21:58:26"}
{"level":"info","message":"Local: http://localhost:5000","timestamp":"2025-08-10 21:58:26"}
{"level":"info","message":"Press CTRL+C to stop server","timestamp":"2025-08-10 21:58:26"}
{"level":"info","message":"Server started on port 5000 in development mode","timestamp":"2025-08-10 21:58:50"}
{"level":"info","message":"Local: http://localhost:5000","timestamp":"2025-08-10 21:58:50"}
{"level":"info","message":"Press CTRL+C to stop server","timestamp":"2025-08-10 21:58:50"}
{"level":"info","message":"Server started on port 5000 in development mode","timestamp":"2025-08-10 21:59:23"}
{"level":"info","message":"Local: http://localhost:5000","timestamp":"2025-08-10 21:59:23"}
{"level":"info","message":"Press CTRL+C to stop server","timestamp":"2025-08-10 21:59:23"}
{"level":"http","message":"POST /api/products/ - IP: ::1 - User-Agent: PostmanRuntime/7.45.0","timestamp":"2025-08-10 21:59:31"}
{"level":"http","message":"POST /api/users/ - IP: ::1 - User-Agent: PostmanRuntime/7.45.0","timestamp":"2025-08-10 22:00:04"}
{"level":"http","message":"POST /api/login - IP: ::1 - User-Agent: PostmanRuntime/7.45.0","timestamp":"2025-08-10 22:00:15"}
{"level":"http","message":"POST /api/login - IP: ::1 - User-Agent: PostmanRuntime/7.45.0","timestamp":"2025-08-10 22:00:37"}
{"level":"http","message":"POST /api/products/ - IP: ::1 - User-Agent: PostmanRuntime/7.45.0","timestamp":"2025-08-10 22:00:43"}
{"level":"info","message":"Server started on port 5000 in development mode","timestamp":"2025-08-10 22:04:06"}
{"level":"info","message":"Local: http://localhost:5000","timestamp":"2025-08-10 22:04:06"}
{"level":"info","message":"Press CTRL+C to stop server","timestamp":"2025-08-10 22:04:06"}
{"level":"info","message":"Server started on port 5000 in development mode","timestamp":"2025-08-10 22:05:06"}
{"level":"info","message":"Local: http://localhost:5000","timestamp":"2025-08-10 22:05:06"}
{"level":"info","message":"Press CTRL+C to stop server","timestamp":"2025-08-10 22:05:06"}
{"level":"info","message":"Server started on port 5000 in development mode","timestamp":"2025-08-10 22:05:12"}
{"level":"info","message":"Local: http://localhost:5000","timestamp":"2025-08-10 22:05:12"}
{"level":"info","message":"Press CTRL+C to stop server","timestamp":"2025-08-10 22:05:12"}
{"level":"info","message":"Server started on port 5000 in development mode","timestamp":"2025-08-10 22:05:26"}
{"level":"info","message":"Local: http://localhost:5000","timestamp":"2025-08-10 22:05:26"}
{"level":"info","message":"Press CTRL+C to stop server","timestamp":"2025-08-10 22:05:26"}
{"level":"http","message":"DELETE /api/categories/11111111-1111-1111-1111-111111111111 - IP: ::1 - User-Agent: PostmanRuntime/7.45.0","timestamp":"2025-08-10 23:40:34"}
{"level":"info","message":"Server started on port 5000 in development mode","timestamp":"2025-08-10 23:44:22"}
{"level":"info","message":"Local: http://localhost:5000","timestamp":"2025-08-10 23:44:22"}
{"level":"info","message":"Press CTRL+C to stop server","timestamp":"2025-08-10 23:44:22"}
{"level":"info","message":"Server started on port 5000 in development mode","timestamp":"2025-08-10 23:45:11"}
{"level":"info","message":"Local: http://localhost:5000","timestamp":"2025-08-10 23:45:11"}
{"level":"info","message":"Press CTRL+C to stop server","timestamp":"2025-08-10 23:45:11"}
{"level":"info","message":"Server started on port 5000 in development mode","timestamp":"2025-08-10 23:45:27"}
{"level":"info","message":"Local: http://localhost:5000","timestamp":"2025-08-10 23:45:27"}
{"level":"info","message":"Press CTRL+C to stop server","timestamp":"2025-08-10 23:45:27"}
{"level":"info","message":"Server started on port 5000 in development mode","timestamp":"2025-08-10 23:45:37"}
{"level":"info","message":"Local: http://localhost:5000","timestamp":"2025-08-10 23:45:37"}
{"level":"info","message":"Press CTRL+C to stop server","timestamp":"2025-08-10 23:45:37"}
{"level":"info","message":"Server started on port 5000 in development mode","timestamp":"2025-08-10 23:45:41"}
{"level":"info","message":"Local: http://localhost:5000","timestamp":"2025-08-10 23:45:41"}
{"level":"info","message":"Press CTRL+C to stop server","timestamp":"2025-08-10 23:45:41"}
{"level":"info","message":"Server started on port 5000 in development mode","timestamp":"2025-08-10 23:45:45"}
{"level":"info","message":"Local: http://localhost:5000","timestamp":"2025-08-10 23:45:45"}
{"level":"info","message":"Press CTRL+C to stop server","timestamp":"2025-08-10 23:45:45"}
{"level":"info","message":"Server started on port 5000 in development mode","timestamp":"2025-08-10 23:46:04"}
{"level":"info","message":"Local: http://localhost:5000","timestamp":"2025-08-10 23:46:04"}
{"level":"info","message":"Press CTRL+C to stop server","timestamp":"2025-08-10 23:46:04"}
{"level":"info","message":"Server started on port 5000 in development mode","timestamp":"2025-08-10 23:46:42"}
{"level":"info","message":"Local: http://localhost:5000","timestamp":"2025-08-10 23:46:43"}
{"level":"info","message":"Press CTRL+C to stop server","timestamp":"2025-08-10 23:46:43"}
{"level":"info","message":"Server started on port 5000 in development mode","timestamp":"2025-08-10 23:47:13"}
{"level":"info","message":"Local: http://localhost:5000","timestamp":"2025-08-10 23:47:13"}
{"level":"info","message":"Press CTRL+C to stop server","timestamp":"2025-08-10 23:47:13"}
{"level":"info","message":"Server started on port 5000 in development mode","timestamp":"2025-08-10 23:48:12"}
{"level":"info","message":"Local: http://localhost:5000","timestamp":"2025-08-10 23:48:12"}
{"level":"info","message":"Press CTRL+C to stop server","timestamp":"2025-08-10 23:48:12"}
{"level":"info","message":"Server started on port 5000 in development mode","timestamp":"2025-08-10 23:48:35"}
{"level":"info","message":"Local: http://localhost:5000","timestamp":"2025-08-10 23:48:35"}
{"level":"info","message":"Press CTRL+C to stop server","timestamp":"2025-08-10 23:48:35"}
{"level":"info","message":"Server started on port 5000 in development mode","timestamp":"2025-08-10 23:49:23"}
{"level":"info","message":"Local: http://localhost:5000","timestamp":"2025-08-10 23:49:23"}
{"level":"info","message":"Press CTRL+C to stop server","timestamp":"2025-08-10 23:49:23"}
{"level":"info","message":"Server started on port 5000 in development mode","timestamp":"2025-08-10 23:49:29"}
{"level":"info","message":"Local: http://localhost:5000","timestamp":"2025-08-10 23:49:29"}
{"level":"info","message":"Press CTRL+C to stop server","timestamp":"2025-08-10 23:49:29"}
{"level":"info","message":"Server started on port 5000 in development mode","timestamp":"2025-08-10 23:49:40"}
{"level":"info","message":"Local: http://localhost:5000","timestamp":"2025-08-10 23:49:40"}
{"level":"info","message":"Press CTRL+C to stop server","timestamp":"2025-08-10 23:49:40"}
{"level":"info","message":"Server started on port 5000 in development mode","timestamp":"2025-08-10 23:49:45"}
{"level":"info","message":"Local: http://localhost:5000","timestamp":"2025-08-10 23:49:45"}
{"level":"info","message":"Press CTRL+C to stop server","timestamp":"2025-08-10 23:49:45"}
{"level":"info","message":"Server started on port 5000 in development mode","timestamp":"2025-08-10 23:50:00"}
{"level":"info","message":"Local: http://localhost:5000","timestamp":"2025-08-10 23:50:00"}
{"level":"info","message":"Press CTRL+C to stop server","timestamp":"2025-08-10 23:50:00"}
{"level":"info","message":"Server started on port 5000 in development mode","timestamp":"2025-08-10 23:50:07"}
{"level":"info","message":"Local: http://localhost:5000","timestamp":"2025-08-10 23:50:07"}
{"level":"info","message":"Press CTRL+C to stop server","timestamp":"2025-08-10 23:50:07"}
{"level":"info","message":"Server started on port 5000 in development mode","timestamp":"2025-08-10 23:50:17"}
{"level":"info","message":"Local: http://localhost:5000","timestamp":"2025-08-10 23:50:17"}
{"level":"info","message":"Press CTRL+C to stop server","timestamp":"2025-08-10 23:50:17"}
{"level":"info","message":"Server started on port 5000 in development mode","timestamp":"2025-08-10 23:50:39"}
{"level":"info","message":"Local: http://localhost:5000","timestamp":"2025-08-10 23:50:39"}
{"level":"info","message":"Press CTRL+C to stop server","timestamp":"2025-08-10 23:50:39"}
{"level":"info","message":"Server started on port 5000 in development mode","timestamp":"2025-08-10 23:52:28"}
{"level":"info","message":"Local: http://localhost:5000","timestamp":"2025-08-10 23:52:28"}
{"level":"info","message":"Press CTRL+C to stop server","timestamp":"2025-08-10 23:52:28"}
{"level":"info","message":"Server started on port 5000 in development mode","timestamp":"2025-08-10 23:53:46"}
{"level":"info","message":"Local: http://localhost:5000","timestamp":"2025-08-10 23:53:46"}
{"level":"info","message":"Press CTRL+C to stop server","timestamp":"2025-08-10 23:53:46"}
{"level":"info","message":"Server started on port 5000 in development mode","timestamp":"2025-08-10 23:54:05"}
{"level":"info","message":"Local: http://localhost:5000","timestamp":"2025-08-10 23:54:05"}
{"level":"info","message":"Press CTRL+C to stop server","timestamp":"2025-08-10 23:54:05"}
{"level":"info","message":"Server started on port 5000 in development mode","timestamp":"2025-08-10 23:54:34"}
{"level":"info","message":"Local: http://localhost:5000","timestamp":"2025-08-10 23:54:34"}
{"level":"info","message":"Press CTRL+C to stop server","timestamp":"2025-08-10 23:54:34"}
{"level":"info","message":"Server started on port 5000 in development mode","timestamp":"2025-08-10 23:54:45"}
{"level":"info","message":"Local: http://localhost:5000","timestamp":"2025-08-10 23:54:45"}
{"level":"info","message":"Press CTRL+C to stop server","timestamp":"2025-08-10 23:54:45"}
{"level":"info","message":"Server started on port 5000 in development mode","timestamp":"2025-08-10 23:54:49"}
{"level":"info","message":"Local: http://localhost:5000","timestamp":"2025-08-10 23:54:49"}
{"level":"info","message":"Press CTRL+C to stop server","timestamp":"2025-08-10 23:54:49"}
{"level":"info","message":"Server started on port 5000 in development mode","timestamp":"2025-08-10 23:55:07"}
{"level":"info","message":"Local: http://localhost:5000","timestamp":"2025-08-10 23:55:07"}
{"level":"info","message":"Press CTRL+C to stop server","timestamp":"2025-08-10 23:55:07"}
{"level":"info","message":"Server started on port 5000 in development mode","timestamp":"2025-08-10 23:55:13"}
{"level":"info","message":"Local: http://localhost:5000","timestamp":"2025-08-10 23:55:13"}
{"level":"info","message":"Press CTRL+C to stop server","timestamp":"2025-08-10 23:55:13"}
{"level":"http","message":"GET /api/categories - IP: ::1 - User-Agent: PostmanRuntime/7.45.0","timestamp":"2025-08-10 23:55:39"}
{"level":"http","message":"GET /api/categories/Electronics - IP: ::1 - User-Agent: PostmanRuntime/7.45.0","timestamp":"2025-08-10 23:55:50"}
{"level":"http","message":"POST /api/categories - IP: ::1 - User-Agent: PostmanRuntime/7.45.0","timestamp":"2025-08-10 23:57:00"}
{"level":"http","message":"GET /api/categories - IP: ::1 - User-Agent: PostmanRuntime/7.45.0","timestamp":"2025-08-10 23:57:12"}
{"level":"http","message":"PATCH /api/categories/45636c76-b597-4cce-984f-61626929615f - IP: ::1 - User-Agent: PostmanRuntime/7.45.0","timestamp":"2025-08-10 23:57:33"}
{"level":"http","message":"PATCH /api/categories/9dcf0bdc-9800-4ca2-a6c3-2f9548124590 - IP: ::1 - User-Agent: PostmanRuntime/7.45.0","timestamp":"2025-08-10 23:58:32"}
{"level":"http","message":"GET /api/categories - IP: ::1 - User-Agent: PostmanRuntime/7.45.0","timestamp":"2025-08-10 23:58:38"}
{"level":"http","message":"POST /api/products/ - IP: ::1 - User-Agent: PostmanRuntime/7.45.0","timestamp":"2025-08-10 23:59:09"}
